        -:    0:Source:dominion.c
        -:    0:Graph:dominion.gcno
        -:    0:Data:dominion.gcda
        -:    0:Runs:6
        -:    0:Programs:6
        -:    1:#include "dominion.h"
        -:    2:#include "dominion_helpers.h"
        -:    3:#include "rngs.h"
        -:    4:#include <stdio.h>
        -:    5:#include <math.h>
        -:    6:#include <stdlib.h>
        -:    7:
      269:    8:int compare(const void* a, const void* b) {
      269:    9:  if (*(int*)a > *(int*)b)
        4:   10:    return 1;
      265:   11:  if (*(int*)a < *(int*)b)
       72:   12:    return -1;
      193:   13:  return 0;
        -:   14:}
        -:   15:
        5:   16:struct gameState* newGame() {
        5:   17:  struct gameState* g = malloc(sizeof(struct gameState));
        5:   18:  return g;
        -:   19:}
        -:   20:
        9:   21:int* kingdomCards(int k1, int k2, int k3, int k4, int k5, int k6, int k7,
        -:   22:		  int k8, int k9, int k10) {
        9:   23:  int* k = malloc(10 * sizeof(int));
        9:   24:  k[0] = k1;
        9:   25:  k[1] = k2;
        9:   26:  k[2] = k3;
        9:   27:  k[3] = k4;
        9:   28:  k[4] = k5;
        9:   29:  k[5] = k6;
        9:   30:  k[6] = k7;
        9:   31:  k[7] = k8;
        9:   32:  k[8] = k9;
        9:   33:  k[9] = k10;
        9:   34:  return k;
        -:   35:}
        -:   36:
       11:   37:int initializeGame(int numPlayers, int kingdomCards[10], int randomSeed,
        -:   38:		   struct gameState *state) {
        -:   39:
        -:   40:  int i;
        -:   41:  int j;
        -:   42:  int it;			
        -:   43:  //set up random number generator
       11:   44:  SelectStream(1);
       11:   45:  PutSeed((long)randomSeed);
        -:   46:  
        -:   47:  //check number of players
       11:   48:  if (numPlayers > MAX_PLAYERS || numPlayers < 2)
        -:   49:    {
        2:   50:      return -1;
        -:   51:    }
        -:   52:
        -:   53:  //set number of players
        9:   54:  state->numPlayers = numPlayers;
        -:   55:
        -:   56:  //check selected kingdom cards are different
       89:   57:  for (i = 0; i < 10; i++)
        -:   58:    {
      882:   59:      for (j = 0; j < 10; j++)
        -:   60:        {
      802:   61:	  if (j != i && kingdomCards[j] == kingdomCards[i])
        -:   62:	    {
        1:   63:	      return -1;
        -:   64:	    }
        -:   65:        }
        -:   66:    }
        -:   67:
        -:   68:
        -:   69:  //initialize supply
        -:   70:  ///////////////////////////////
        -:   71:
        -:   72:  //set number of Curse cards
        8:   73:  if (numPlayers == 2)
        -:   74:    {
        7:   75:      state->supplyCount[curse] = 10;
        -:   76:    }
        1:   77:  else if (numPlayers == 3)
        -:   78:    {
        1:   79:      state->supplyCount[curse] = 20;
        -:   80:    }
        -:   81:  else
        -:   82:    {
    #####:   83:      state->supplyCount[curse] = 30;
        -:   84:    }
        -:   85:
        -:   86:  //set number of Victory cards
        8:   87:  if (numPlayers == 2)
        -:   88:    {
        7:   89:      state->supplyCount[estate] = 8;
        7:   90:      state->supplyCount[duchy] = 8;
        7:   91:      state->supplyCount[province] = 8;
        -:   92:    }
        -:   93:  else
        -:   94:    {
        1:   95:      state->supplyCount[estate] = 12;
        1:   96:      state->supplyCount[duchy] = 12;
        1:   97:      state->supplyCount[province] = 12;
        -:   98:    }
        -:   99:
        -:  100:  //set number of Treasure cards
        8:  101:  state->supplyCount[copper] = 60 - (7 * numPlayers);
        8:  102:  state->supplyCount[silver] = 40;
        8:  103:  state->supplyCount[gold] = 30;
        -:  104:
        -:  105:  //set number of Kingdom cards
      168:  106:  for (i = adventurer; i <= treasure_map; i++)       	//loop all cards
        -:  107:    {
     1365:  108:      for (j = 0; j < 10; j++)           		//loop chosen cards
        -:  109:	{
     1279:  110:	  if (kingdomCards[j] == i)
        -:  111:	    {
        -:  112:	      //check if card is a 'Victory' Kingdom card
       74:  113:	      if (kingdomCards[j] == great_hall || kingdomCards[j] == gardens)
        -:  114:		{
       16:  115:		  if (numPlayers == 2){ 
        7:  116:		    state->supplyCount[i] = 8; 
        -:  117:		  }
        1:  118:		  else{ state->supplyCount[i] = 12; }
        -:  119:		}
        -:  120:	      else
        -:  121:		{
       66:  122:		  state->supplyCount[i] = 10;
        -:  123:		}
       74:  124:	      break;
        -:  125:	    }
        -:  126:	  else    //card is not in the set choosen for the game
        -:  127:	    {
     1205:  128:	      state->supplyCount[i] = -1;
        -:  129:	    }
        -:  130:	}
        -:  131:
        -:  132:    }
        -:  133:
        -:  134:  ////////////////////////
        -:  135:  //supply intilization complete
        -:  136:
        -:  137:  //set player decks
       25:  138:  for (i = 0; i < numPlayers; i++)
        -:  139:    {
       17:  140:      state->deckCount[i] = 0;
       68:  141:      for (j = 0; j < 3; j++)
        -:  142:	{
       51:  143:	  state->deck[i][j] = estate;
       51:  144:	  state->deckCount[i]++;
        -:  145:	}
      136:  146:      for (j = 3; j < 10; j++)
        -:  147:	{
      119:  148:	  state->deck[i][j] = copper;
      119:  149:	  state->deckCount[i]++;		
        -:  150:	}
        -:  151:    }
        -:  152:
        -:  153:  //shuffle player decks
       25:  154:  for (i = 0; i < numPlayers; i++)
        -:  155:    {
       17:  156:      if ( shuffle(i, state) < 0 )
        -:  157:	{
    #####:  158:	  return -1;
        -:  159:	}
        -:  160:    }
        -:  161:
        -:  162:  //draw player hands
       25:  163:  for (i = 0; i < numPlayers; i++)
        -:  164:    {  
        -:  165:      //initialize hand size to zero
       17:  166:      state->handCount[i] = 0;
       17:  167:      state->discardCount[i] = 0;
        -:  168:      //draw 5 cards
        -:  169:      // for (j = 0; j < 5; j++)
        -:  170:      //	{
        -:  171:      //	  drawCard(i, state);
        -:  172:      //	}
        -:  173:    }
        -:  174:  
        -:  175:  //set embargo tokens to 0 for all supply piles
      224:  176:  for (i = 0; i <= treasure_map; i++)
        -:  177:    {
      216:  178:      state->embargoTokens[i] = 0;
        -:  179:    }
        -:  180:
        -:  181:  //initialize first player's turn
        8:  182:  state->outpostPlayed = 0;
        8:  183:  state->phase = 0;
        8:  184:  state->numActions = 1;
        8:  185:  state->numBuys = 1;
        8:  186:  state->playedCardCount = 0;
        8:  187:  state->whoseTurn = 0;
        8:  188:  state->handCount[state->whoseTurn] = 0;
        -:  189:  //int it; move to top
        -:  190:
        -:  191:  //Moved draw cards to here, only drawing at the start of a turn
       48:  192:  for (it = 0; it < 5; it++){
       40:  193:    drawCard(state->whoseTurn, state);
        -:  194:  }
        -:  195:
        8:  196:  updateCoins(state->whoseTurn, state, 0);
        -:  197:
        8:  198:  return 0;
        -:  199:}
        -:  200:
       19:  201:int shuffle(int player, struct gameState *state) {
        -:  202: 
        -:  203:
        -:  204:  int newDeck[MAX_DECK];
       19:  205:  int newDeckPos = 0;
        -:  206:  int card;
        -:  207:  int i;
        -:  208:
       19:  209:  if (state->deckCount[player] < 1)
        1:  210:    return -1;
       18:  211:  qsort ((void*)(state->deck[player]), state->deckCount[player], sizeof(int), compare); 
        -:  212:  /* SORT CARDS IN DECK TO ENSURE DETERMINISM! */
        -:  213:
      211:  214:  while (state->deckCount[player] > 0) {
      175:  215:    card = floor(Random() * state->deckCount[player]);
      175:  216:    newDeck[newDeckPos] = state->deck[player][card];
      175:  217:    newDeckPos++;
      612:  218:    for (i = card; i < state->deckCount[player]-1; i++) {
      437:  219:      state->deck[player][i] = state->deck[player][i+1];
        -:  220:    }
      175:  221:    state->deckCount[player]--;
        -:  222:  }
      193:  223:  for (i = 0; i < newDeckPos; i++) {
      175:  224:    state->deck[player][i] = newDeck[i];
      175:  225:    state->deckCount[player]++;
        -:  226:  }
        -:  227:
       18:  228:  return 0;
        -:  229:}
        -:  230:
    #####:  231:int playCard(int handPos, int choice1, int choice2, int choice3, struct gameState *state) 
        -:  232:{	
        -:  233:  int card;
    #####:  234:  int coin_bonus = 0; 		//tracks coins gain from actions
        -:  235:
        -:  236:  //check if it is the right phase
    #####:  237:  if (state->phase != 0)
        -:  238:    {
    #####:  239:      return -1;
        -:  240:    }
        -:  241:	
        -:  242:  //check if player has enough actions
    #####:  243:  if ( state->numActions < 1 )
        -:  244:    {
    #####:  245:      return -1;
        -:  246:    }
        -:  247:	
        -:  248:  //get card played
    #####:  249:  card = handCard(handPos, state);
        -:  250:	
        -:  251:  //check if selected card is an action
    #####:  252:  if ( card < adventurer || card > treasure_map )
        -:  253:    {
    #####:  254:      return -1;
        -:  255:    }
        -:  256:	
        -:  257:  //play card
    #####:  258:  if ( cardEffect(card, choice1, choice2, choice3, state, handPos, &coin_bonus) < 0 )
        -:  259:    {
    #####:  260:      return -1;
        -:  261:    }
        -:  262:	
        -:  263:  //reduce number of actions
    #####:  264:  state->numActions--;
        -:  265:
        -:  266:  //update coins (Treasure cards may be added with card draws)
    #####:  267:  updateCoins(state->whoseTurn, state, coin_bonus);
        -:  268:	
    #####:  269:  return 0;
        -:  270:}
        -:  271:
    #####:  272:int buyCard(int supplyPos, struct gameState *state) {
        -:  273:  int who;
        -:  274:  if (DEBUG){
        -:  275:    printf("Entering buyCard...\n");
        -:  276:  }
        -:  277:
        -:  278:  // I don't know what to do about the phase thing.
        -:  279:
    #####:  280:  who = state->whoseTurn;
        -:  281:
    #####:  282:  if (state->numBuys < 1){
        -:  283:    if (DEBUG)
        -:  284:      printf("You do not have any buys left\n");
    #####:  285:    return -1;
    #####:  286:  } else if (supplyCount(supplyPos, state) <1){
        -:  287:    if (DEBUG)
        -:  288:      printf("There are not any of that type of card left\n");
    #####:  289:    return -1;
    #####:  290:  } else if (state->coins < getCost(supplyPos)){
        -:  291:    if (DEBUG) 
        -:  292:      printf("You do not have enough money to buy that. You have %d coins.\n", state->coins);
    #####:  293:    return -1;
        -:  294:  } else {
    #####:  295:    state->phase=1;
        -:  296:    //state->supplyCount[supplyPos]--;
    #####:  297:    gainCard(supplyPos, state, 0, who); //card goes in discard, this might be wrong.. (2 means goes into hand, 0 goes into discard)
        -:  298:  
    #####:  299:    state->coins = (state->coins) - (getCost(supplyPos));
    #####:  300:    state->numBuys--;
        -:  301:    if (DEBUG)
        -:  302:      printf("You bought card number %d for %d coins. You now have %d buys and %d coins.\n", supplyPos, getCost(supplyPos), state->numBuys, state->coins);
        -:  303:  }
        -:  304:
        -:  305:  //state->discard[who][state->discardCount[who]] = supplyPos;
        -:  306:  //state->discardCount[who]++;
        -:  307:    
    #####:  308:  return 0;
        -:  309:}
        -:  310:
    #####:  311:int numHandCards(struct gameState *state) {
    #####:  312:  return state->handCount[ whoseTurn(state) ];
        -:  313:}
        -:  314:
    #####:  315:int handCard(int handPos, struct gameState *state) {
    #####:  316:  int currentPlayer = whoseTurn(state);
    #####:  317:  return state->hand[currentPlayer][handPos];
        -:  318:}
        -:  319:
    #####:  320:int supplyCount(int card, struct gameState *state) {
    #####:  321:  return state->supplyCount[card];
        -:  322:}
        -:  323:
    #####:  324:int fullDeckCount(int player, int card, struct gameState *state) {
        -:  325:  int i;
    #####:  326:  int count = 0;
        -:  327:
    #####:  328:  for (i = 0; i < state->deckCount[player]; i++)
        -:  329:    {
    #####:  330:      if (state->deck[player][i] == card) count++;
        -:  331:    }
        -:  332:
    #####:  333:  for (i = 0; i < state->handCount[player]; i++)
        -:  334:    {
    #####:  335:      if (state->hand[player][i] == card) count++;
        -:  336:    }
        -:  337:
    #####:  338:  for (i = 0; i < state->discardCount[player]; i++)
        -:  339:    {
    #####:  340:      if (state->discard[player][i] == card) count++;
        -:  341:    }
        -:  342:
    #####:  343:  return count;
        -:  344:}
        -:  345:
        1:  346:int whoseTurn(struct gameState *state) {
        1:  347:  return state->whoseTurn;
        -:  348:}
        -:  349:
    #####:  350:int endTurn(struct gameState *state) {
        -:  351:  int k;
        -:  352:  int i;
    #####:  353:  int currentPlayer = whoseTurn(state);
        -:  354:  
        -:  355:  //Discard hand
    #####:  356:  for (i = 0; i < state->handCount[currentPlayer]; i++){
    #####:  357:    state->discard[currentPlayer][state->discardCount[currentPlayer]++] = state->hand[currentPlayer][i];//Discard
    #####:  358:    state->hand[currentPlayer][i] = -1;//Set card to -1
        -:  359:  }
    #####:  360:  state->handCount[currentPlayer] = 0;//Reset hand count
        -:  361:    
        -:  362:  //Code for determining the player
    #####:  363:  if (currentPlayer < (state->numPlayers - 1)){ 
    #####:  364:    state->whoseTurn = currentPlayer + 1;//Still safe to increment
        -:  365:  }
        -:  366:  else{
    #####:  367:    state->whoseTurn = 0;//Max player has been reached, loop back around to player 1
        -:  368:  }
        -:  369:
    #####:  370:  state->outpostPlayed = 0;
    #####:  371:  state->phase = 0;
    #####:  372:  state->numActions = 1;
    #####:  373:  state->coins = 0;
    #####:  374:  state->numBuys = 1;
    #####:  375:  state->playedCardCount = 0;
    #####:  376:  state->handCount[state->whoseTurn] = 0;
        -:  377:
        -:  378:  //int k; move to top
        -:  379:  //Next player draws hand
    #####:  380:  for (k = 0; k < 5; k++){
    #####:  381:    drawCard(state->whoseTurn, state);//Draw a card
        -:  382:  }
        -:  383:
        -:  384:  //Update money
    #####:  385:  updateCoins(state->whoseTurn, state , 0);
        -:  386:
    #####:  387:  return 0;
        -:  388:}
        -:  389:
        7:  390:int isGameOver(struct gameState *state) {
        -:  391:  int i;
        -:  392:  int j;
        -:  393:	
        -:  394:  //if stack of Province cards is empty, the game ends
        7:  395:  if (state->supplyCount[province] == 0)
        -:  396:    {
        1:  397:      return 1;
        -:  398:    }
        -:  399:
        -:  400:  //if three supply pile are at 0, the game ends
        6:  401:  j = 0;
      156:  402:  for (i = 0; i < 25; i++)
        -:  403:    {
      150:  404:      if (state->supplyCount[i] == 0)
        -:  405:	{
        9:  406:	  j++;
        -:  407:	}
        -:  408:    }
        6:  409:  if ( j >= 3)
        -:  410:    {
        2:  411:      return 1;
        -:  412:    }
        -:  413:
        4:  414:  return 0;
        -:  415:}
        -:  416:
    #####:  417:int scoreFor (int player, struct gameState *state) {
        -:  418:
        -:  419:  int i;
    #####:  420:  int score = 0;
        -:  421:  //score from hand
    #####:  422:  for (i = 0; i < state->handCount[player]; i++)
        -:  423:    {
    #####:  424:      if (state->hand[player][i] == curse) { score = score - 1; };
    #####:  425:      if (state->hand[player][i] == estate) { score = score + 1; };
    #####:  426:      if (state->hand[player][i] == duchy) { score = score + 3; };
    #####:  427:      if (state->hand[player][i] == province) { score = score + 6; };
    #####:  428:      if (state->hand[player][i] == great_hall) { score = score + 1; };
    #####:  429:      if (state->hand[player][i] == gardens) { score = score + ( fullDeckCount(player, 0, state) / 10 ); };
        -:  430:    }
        -:  431:
        -:  432:  //score from discard
    #####:  433:  for (i = 0; i < state->discardCount[player]; i++)
        -:  434:    {
    #####:  435:      if (state->discard[player][i] == curse) { score = score - 1; };
    #####:  436:      if (state->discard[player][i] == estate) { score = score + 1; };
    #####:  437:      if (state->discard[player][i] == duchy) { score = score + 3; };
    #####:  438:      if (state->discard[player][i] == province) { score = score + 6; };
    #####:  439:      if (state->discard[player][i] == great_hall) { score = score + 1; };
    #####:  440:      if (state->discard[player][i] == gardens) { score = score + ( fullDeckCount(player, 0, state) / 10 ); };
        -:  441:    }
        -:  442:
        -:  443:  //score from deck
    #####:  444:  for (i = 0; i < state->discardCount[player]; i++)
        -:  445:    {
    #####:  446:      if (state->deck[player][i] == curse) { score = score - 1; };
    #####:  447:      if (state->deck[player][i] == estate) { score = score + 1; };
    #####:  448:      if (state->deck[player][i] == duchy) { score = score + 3; };
    #####:  449:      if (state->deck[player][i] == province) { score = score + 6; };
    #####:  450:      if (state->deck[player][i] == great_hall) { score = score + 1; };
    #####:  451:      if (state->deck[player][i] == gardens) { score = score + ( fullDeckCount(player, 0, state) / 10 ); };
        -:  452:    }
        -:  453:
    #####:  454:  return score;
        -:  455:}
        -:  456:
    #####:  457:int getWinners(int players[MAX_PLAYERS], struct gameState *state) {
        -:  458:  int i;	
        -:  459:  int j;
        -:  460:  int highScore;
        -:  461:  int currentPlayer;
        -:  462:
        -:  463:  //get score for each player
    #####:  464:  for (i = 0; i < MAX_PLAYERS; i++)
        -:  465:    {
        -:  466:      //set unused player scores to -9999
    #####:  467:      if (i >= state->numPlayers)
        -:  468:	{
    #####:  469:	  players[i] = -9999;
        -:  470:	}
        -:  471:      else
        -:  472:	{
    #####:  473:	  players[i] = scoreFor (i, state);
        -:  474:	}
        -:  475:    }
        -:  476:
        -:  477:  //find highest score
    #####:  478:  j = 0;
    #####:  479:  for (i = 0; i < MAX_PLAYERS; i++)
        -:  480:    {
    #####:  481:      if (players[i] > players[j])
        -:  482:	{
    #####:  483:	  j = i;
        -:  484:	}
        -:  485:    }
    #####:  486:  highScore = players[j];
        -:  487:
        -:  488:  //add 1 to players who had less turns
    #####:  489:  currentPlayer = whoseTurn(state);
    #####:  490:  for (i = 0; i < MAX_PLAYERS; i++)
        -:  491:    {
    #####:  492:      if ( players[i] == highScore && i > currentPlayer )
        -:  493:	{
    #####:  494:	  players[i]++;
        -:  495:	}
        -:  496:    }
        -:  497:
        -:  498:  //find new highest score
    #####:  499:  j = 0;
    #####:  500:  for (i = 0; i < MAX_PLAYERS; i++)
        -:  501:    {
    #####:  502:      if ( players[i] > players[j] )
        -:  503:	{
    #####:  504:	  j = i;
        -:  505:	}
        -:  506:    }
    #####:  507:  highScore = players[j];
        -:  508:
        -:  509:  //set winners in array to 1 and rest to 0
    #####:  510:  for (i = 0; i < MAX_PLAYERS; i++)
        -:  511:    {
    #####:  512:      if ( players[i] == highScore )
        -:  513:	{
    #####:  514:	  players[i] = 1;
        -:  515:	}
        -:  516:      else
        -:  517:	{
    #####:  518:	  players[i] = 0;
        -:  519:	}
        -:  520:    }
        -:  521:
    #####:  522:  return 0;
        -:  523:}
        -:  524:
       47:  525:int drawCard(int player, struct gameState *state)
        -:  526:{	int count;
        -:  527:  int deckCounter;
       47:  528:  if (state->deckCount[player] <= 0){//Deck is empty
        -:  529:    
        -:  530:    //Step 1 Shuffle the discard pile back into a deck
        -:  531:    int i;
        -:  532:    //Move discard to deck
    #####:  533:    for (i = 0; i < state->discardCount[player];i++){
    #####:  534:      state->deck[player][i] = state->discard[player][i];
    #####:  535:      state->discard[player][i] = -1;
        -:  536:    }
        -:  537:
    #####:  538:    state->deckCount[player] = state->discardCount[player];
    #####:  539:    state->discardCount[player] = 0;//Reset discard
        -:  540:
        -:  541:    //Shufffle the deck
    #####:  542:    shuffle(player, state);//Shuffle the deck up and make it so that we can draw
        -:  543:   
        -:  544:    if (DEBUG){//Debug statements
        -:  545:      printf("Deck count now: %d\n", state->deckCount[player]);
        -:  546:    }
        -:  547:    
    #####:  548:    state->discardCount[player] = 0;
        -:  549:
        -:  550:    //Step 2 Draw Card
    #####:  551:    count = state->handCount[player];//Get current player's hand count
        -:  552:    
        -:  553:    if (DEBUG){//Debug statements
        -:  554:      printf("Current hand count: %d\n", count);
        -:  555:    }
        -:  556:    
    #####:  557:    deckCounter = state->deckCount[player];//Create a holder for the deck count
        -:  558:
    #####:  559:    if (deckCounter == 0)
    #####:  560:      return -1;
        -:  561:
    #####:  562:    state->hand[player][count] = state->deck[player][deckCounter - 1];//Add card to hand
    #####:  563:    state->deckCount[player]--;
    #####:  564:    state->handCount[player]++;//Increment hand count
        -:  565:  }
        -:  566:
        -:  567:  else{
       47:  568:    int count = state->handCount[player];//Get current hand count for player
        -:  569:    int deckCounter;
        -:  570:    if (DEBUG){//Debug statements
        -:  571:      printf("Current hand count: %d\n", count);
        -:  572:    }
        -:  573:
       47:  574:    deckCounter = state->deckCount[player];//Create holder for the deck count
       47:  575:    state->hand[player][count] = state->deck[player][deckCounter - 1];//Add card to the hand
       47:  576:    state->deckCount[player]--;
       47:  577:    state->handCount[player]++;//Increment hand count
        -:  578:  }
        -:  579:
       47:  580:  return 0;
        -:  581:}
        -:  582:
    #####:  583:int getCost(int cardNumber)
        -:  584:{
    #####:  585:  switch( cardNumber ) 
        -:  586:    {
        -:  587:    case curse:
    #####:  588:      return 0;
        -:  589:    case estate:
    #####:  590:      return 2;
        -:  591:    case duchy:
    #####:  592:      return 5;
        -:  593:    case province:
    #####:  594:      return 8;
        -:  595:    case copper:
    #####:  596:      return 0;
        -:  597:    case silver:
    #####:  598:      return 3;
        -:  599:    case gold:
    #####:  600:      return 6;
        -:  601:    case adventurer:
    #####:  602:      return 6;
        -:  603:    case council_room:
    #####:  604:      return 5;
        -:  605:    case feast:
    #####:  606:      return 4;
        -:  607:    case gardens:
    #####:  608:      return 4;
        -:  609:    case mine:
    #####:  610:      return 5;
        -:  611:    case remodel:
    #####:  612:      return 4;
        -:  613:    case smithy:
    #####:  614:      return 4;
        -:  615:    case village:
    #####:  616:      return 3;
        -:  617:    case baron:
    #####:  618:      return 4;
        -:  619:    case great_hall:
    #####:  620:      return 3;
        -:  621:    case minion:
    #####:  622:      return 5;
        -:  623:    case steward:
    #####:  624:      return 3;
        -:  625:    case tribute:
    #####:  626:      return 5;
        -:  627:    case ambassador:
    #####:  628:      return 3;
        -:  629:    case cutpurse:
    #####:  630:      return 4;
        -:  631:    case embargo: 
    #####:  632:      return 2;
        -:  633:    case outpost:
    #####:  634:      return 5;
        -:  635:    case salvager:
    #####:  636:      return 4;
        -:  637:    case sea_hag:
    #####:  638:      return 4;
        -:  639:    case treasure_map:
    #####:  640:      return 4;
        -:  641:    }
        -:  642:	
    #####:  643:  return -1;
        -:  644:}
        -:  645:
        1:  646:int callSmithy(int handPos, int currentPlayer, struct gameState *state) {
        -:  647://+3 Cards
        -:  648:int i;
        5:  649:      for (i = 0; i <= 3; i++)
        -:  650:	{
        4:  651:	  drawCard(currentPlayer, state);
        -:  652:	}
        -:  653:			
        -:  654:      //discard card from hand
        1:  655:      discardCard(handPos, currentPlayer, state, 0);
        1:  656:      return 0;
        -:  657:
        -:  658:}
        -:  659:
    #####:  660:int callAdventurer(int drawntreasure, int currentPlayer, struct gameState *state, int * temphand, int z){
        -:  661:    int cardDrawn; 
    #####:  662:     while(drawntreasure<2){
    #####:  663:	if (state->deckCount[currentPlayer] <1){//if the deck is empty we need to shuffle discard and add to deck
    #####:  664:	  shuffle(currentPlayer, state);
        -:  665:	}
    #####:  666:	drawCard(currentPlayer, state);
    #####:  667:	cardDrawn = state->hand[currentPlayer][state->handCount[currentPlayer]-1];//top card of hand is most recently drawn card.
        -:  668:	if (cardDrawn == copper || silver || gold)
    #####:  669:	  drawntreasure++;
        -:  670:	else{
        -:  671:	  temphand[z]=cardDrawn;
        -:  672:	  state->handCount[currentPlayer]--; //this should just remove the top card (the most recently drawn one).
        -:  673:	  z++;
        -:  674:	}
        -:  675:      }
    #####:  676:      while(z-1>=0){
    #####:  677:	state->discard[currentPlayer][state->discardCount[currentPlayer]++]=temphand[z-1]; // discard all cards in play that have been drawn
    #####:  678:	z=z-1;
        -:  679:      }
    #####:  680:      return 0;
        -:  681:
        -:  682:}
        -:  683:
    #####:  684:int callVillage(int currentPlayer, struct gameState *state, int handPos) {
        -:  685://+1 Card
    #####:  686:int i = 0;
    #####:  687:     while(i < 1){ 
    #####:  688:     	drawCard(currentPlayer, state);
        -:  689:	}
        -:  690:			
        -:  691:      //+2 Actions
    #####:  692:      state->numActions = state->numActions + 2;
        -:  693:			
        -:  694:      //discard played card from hand
    #####:  695:      discardCard(handPos, currentPlayer, state, 0);
    #####:  696:      return 0;
        -:  697:	
        -:  698:}
        -:  699:
    #####:  700:int callGreatHall(int currentPlayer, struct gameState *state, int handPos) {
    #####:  701:drawCard(currentPlayer, state);
        -:  702:			
        -:  703:      //+1 Actions
    #####:  704:      state->numActions++;
        -:  705:			
        -:  706:      //discard card from hand
    #####:  707:      discardCard(handPos, currentPlayer, state, 0);
    #####:  708:      return 0;
        -:  709:	
        -:  710:}
        -:  711:
    #####:  712:int callSteward(int choice1, int choice2, int choice3, int currentPlayer, struct gameState *state, int handPos) {
    #####:  713:	if (choice1 == 1)
        -:  714:	{
        -:  715:	  //+2 cards
    #####:  716:	  drawCard(currentPlayer, state);
    #####:  717:	  drawCard(currentPlayer, state);
        -:  718:	}
    #####:  719:      else if (choice1 != 1)
        -:  720:	{
        -:  721:	  //+2 coins
    #####:  722:	  state->coins = state->coins + 2;
        -:  723:	}
        -:  724:      else
        -:  725:	{
        -:  726:	  //trash 2 cards in hand
    #####:  727:	  discardCard(choice2, currentPlayer, state, 1);
    #####:  728:	  discardCard(choice3, currentPlayer, state, 1);
        -:  729:	}
        -:  730:			
        -:  731:      //discard card from hand
    #####:  732:      discardCard(handPos, currentPlayer, state, 0);
    #####:  733:      return 0;
        -:  734:	
        -:  735:}
        -:  736:
        1:  737:int cardEffect(int card, int choice1, int choice2, int choice3, struct gameState *state, int handPos, int *bonus)
        -:  738:{
        -:  739:  int i;
        -:  740:  int j;
        -:  741:  int k;
        -:  742:  int x;
        -:  743:  int index;
        1:  744:  int currentPlayer = whoseTurn(state);
        1:  745:  int nextPlayer = currentPlayer + 1;
        -:  746:
        1:  747:  int tributeRevealedCards[2] = {-1, -1};
        -:  748:  int temphand[MAX_HAND];// moved above the if statement
        1:  749:  int drawntreasure=0;
        -:  750:  //int cardDrawn;
        1:  751:  int z = 0;// this is the counter for the temp hand
        1:  752:  if (nextPlayer > (state->numPlayers - 1)){
    #####:  753:    nextPlayer = 0;
        -:  754:  }
        -:  755:  
        -:  756:	
        -:  757:  //uses switch to select card and perform actions
        1:  758:  switch( card ) 
        -:  759:    {
        -:  760:    case adventurer:
    #####:  761:      callAdventurer(drawntreasure, currentPlayer, state, temphand, z);
        -:  762:			
        -:  763:    case council_room:
        -:  764:      //+4 Cards
    #####:  765:      for (i = 0; i < 4; i++)
        -:  766:	{
    #####:  767:	  drawCard(currentPlayer, state);
        -:  768:	}
        -:  769:			
        -:  770:      //+1 Buy
    #####:  771:      state->numBuys++;
        -:  772:			
        -:  773:      //Each other player draws a card
    #####:  774:      for (i = 0; i < state->numPlayers; i++)
        -:  775:	{
    #####:  776:	  if ( i != currentPlayer )
        -:  777:	    {
    #####:  778:	      drawCard(i, state);
        -:  779:	    }
        -:  780:	}
        -:  781:			
        -:  782:      //put played card in played card pile
    #####:  783:      discardCard(handPos, currentPlayer, state, 0);
        -:  784:			
    #####:  785:      return 0;
        -:  786:			
        -:  787:    case feast:
        -:  788:      //gain card with cost up to 5
        -:  789:      //Backup hand
    #####:  790:      for (i = 0; i <= state->handCount[currentPlayer]; i++){
    #####:  791:	temphand[i] = state->hand[currentPlayer][i];//Backup card
    #####:  792:	state->hand[currentPlayer][i] = -1;//Set to nothing
        -:  793:      }
        -:  794:      //Backup hand
        -:  795:
        -:  796:      //Update Coins for Buy
    #####:  797:      updateCoins(currentPlayer, state, 5);
    #####:  798:      x = 1;//Condition to loop on
    #####:  799:      while( x == 1) {//Buy one card
    #####:  800:	if (supplyCount(choice1, state) <= 0){
        -:  801:	  if (DEBUG)
        -:  802:	    printf("None of that card left, sorry!\n");
        -:  803:
        -:  804:	  if (DEBUG){
        -:  805:	    printf("Cards Left: %d\n", supplyCount(choice1, state));
        -:  806:	  }
        -:  807:	}
    #####:  808:	else if (state->coins < getCost(choice1)){
    #####:  809:	  printf("That card is too expensive!\n");
        -:  810:
        -:  811:	  if (DEBUG){
        -:  812:	    printf("Coins: %d < %d\n", state->coins, getCost(choice1));
        -:  813:	  }
        -:  814:	}
        -:  815:	else{
        -:  816:
        -:  817:	  if (DEBUG){
        -:  818:	    printf("Deck Count: %d\n", state->handCount[currentPlayer] + state->deckCount[currentPlayer] + state->discardCount[currentPlayer]);
        -:  819:	  }
        -:  820:
    #####:  821:	  gainCard(choice1, state, 0, currentPlayer);//Gain the card
    #####:  822:	  x = 0;//No more buying cards
        -:  823:
        -:  824:	  if (DEBUG){
        -:  825:	    printf("Deck Count: %d\n", state->handCount[currentPlayer] + state->deckCount[currentPlayer] + state->discardCount[currentPlayer]);
        -:  826:	  }
        -:  827:
        -:  828:	}
        -:  829:      }     
        -:  830:
        -:  831:      //Reset Hand
    #####:  832:      for (i = 0; i <= state->handCount[currentPlayer]; i++){
    #####:  833:	state->hand[currentPlayer][i] = temphand[i];
    #####:  834:	temphand[i] = -1;
        -:  835:      }
        -:  836:      //Reset Hand
        -:  837:      			
    #####:  838:      return 0;
        -:  839:			
        -:  840:    case gardens:
    #####:  841:      return -1;
        -:  842:			
        -:  843:    case mine:
    #####:  844:      j = state->hand[currentPlayer][choice1];  //store card we will trash
        -:  845:
    #####:  846:      if (state->hand[currentPlayer][choice1] < copper || state->hand[currentPlayer][choice1] > gold)
        -:  847:	{
    #####:  848:	  return -1;
        -:  849:	}
        -:  850:		
    #####:  851:      if (choice2 > treasure_map || choice2 < curse)
        -:  852:	{
    #####:  853:	  return -1;
        -:  854:	}
        -:  855:
    #####:  856:      if ( (getCost(state->hand[currentPlayer][choice1]) + 3) > getCost(choice2) )
        -:  857:	{
    #####:  858:	  return -1;
        -:  859:	}
        -:  860:
    #####:  861:      gainCard(choice2, state, 2, currentPlayer);
        -:  862:
        -:  863:      //discard card from hand
    #####:  864:      discardCard(handPos, currentPlayer, state, 0);
        -:  865:
        -:  866:      //discard trashed card
    #####:  867:      for (i = 0; i < state->handCount[currentPlayer]; i++)
        -:  868:	{
    #####:  869:	  if (state->hand[currentPlayer][i] == j)
        -:  870:	    {
    #####:  871:	      discardCard(i, currentPlayer, state, 0);			
    #####:  872:	      break;
        -:  873:	    }
        -:  874:	}
        -:  875:			
    #####:  876:      return 0;
        -:  877:			
        -:  878:    case remodel:
    #####:  879:      j = state->hand[currentPlayer][choice1];  //store card we will trash
        -:  880:
    #####:  881:      if ( (getCost(state->hand[currentPlayer][choice1]) + 2) > getCost(choice2) )
        -:  882:	{
    #####:  883:	  return -1;
        -:  884:	}
        -:  885:
    #####:  886:      gainCard(choice2, state, 0, currentPlayer);
        -:  887:
        -:  888:      //discard card from hand
    #####:  889:      discardCard(handPos, currentPlayer, state, 0);
        -:  890:
        -:  891:      //discard trashed card
    #####:  892:      for (i = 0; i < state->handCount[currentPlayer]; i++)
        -:  893:	{
    #####:  894:	  if (state->hand[currentPlayer][i] == j)
        -:  895:	    {
    #####:  896:	      discardCard(i, currentPlayer, state, 0);			
    #####:  897:	      break;
        -:  898:	    }
        -:  899:	}
        -:  900:
        -:  901:
    #####:  902:      return 0;
        -:  903:		
        -:  904:    case smithy:
        -:  905:      //callSmithy(handPos, currentPlayer, state);
        4:  906:        for (i = 0; i < 3; i++)
        -:  907:	{
        3:  908:	  drawCard(currentPlayer, state);
        -:  909:	}
        -:  910:			
        -:  911:      //discard card from hand
        1:  912:        discardCard(handPos, currentPlayer, state, 0);
        1:  913:        return 0;
        -:  914:		
        -:  915:    case village:
    #####:  916:     callVillage(currentPlayer, state, handPos);
        -:  917:		
        -:  918:    case baron:
    #####:  919:      state->numBuys++;//Increase buys by 1!
    #####:  920:      if (choice1 > 0){//Boolean true or going to discard an estate
    #####:  921:	int p = 0;//Iterator for hand!
    #####:  922:	int card_not_discarded = 1;//Flag for discard set!
    #####:  923:	while(card_not_discarded){
    #####:  924:	  if (state->hand[currentPlayer][p] == estate){//Found an estate card!
    #####:  925:	    state->coins += 4;//Add 4 coins to the amount of coins
    #####:  926:	    state->discard[currentPlayer][state->discardCount[currentPlayer]] = state->hand[currentPlayer][p];
    #####:  927:	    state->discardCount[currentPlayer]++;
    #####:  928:	    for (;p < state->handCount[currentPlayer]; p++){
    #####:  929:	      state->hand[currentPlayer][p] = state->hand[currentPlayer][p+1];
        -:  930:	    }
    #####:  931:	    state->hand[currentPlayer][state->handCount[currentPlayer]] = -1;
    #####:  932:	    state->handCount[currentPlayer]--;
    #####:  933:	    card_not_discarded = 0;//Exit the loop
        -:  934:	  }
    #####:  935:	  else if (p > state->handCount[currentPlayer]){
        -:  936:	    if(DEBUG) {
        -:  937:	      printf("No estate cards in your hand, invalid choice\n");
        -:  938:	      printf("Must gain an estate if there are any\n");
        -:  939:	    }
    #####:  940:	    if (supplyCount(estate, state) > 0){
    #####:  941:	      gainCard(estate, state, 0, currentPlayer);
    #####:  942:	      state->supplyCount[estate]--;//Decrement estates
    #####:  943:	      if (supplyCount(estate, state) == 0){
    #####:  944:		isGameOver(state);
        -:  945:	      }
        -:  946:	    }
    #####:  947:	    card_not_discarded = 0;//Exit the loop
        -:  948:	  }
        -:  949:			    
        -:  950:	  else{
    #####:  951:	    p++;//Next card
        -:  952:	  }
        -:  953:	}
        -:  954:      }
        -:  955:			    
        -:  956:      else{
    #####:  957:	if (supplyCount(estate, state) > 0){
    #####:  958:	  gainCard(estate, state, 0, currentPlayer);//Gain an estate
    #####:  959:	  state->supplyCount[estate]--;//Decrement Estates
    #####:  960:	  if (supplyCount(estate, state) == 0){
    #####:  961:	    isGameOver(state);
        -:  962:	  }
        -:  963:	}
        -:  964:      }
        -:  965:	    
        -:  966:      
    #####:  967:      return 0;
        -:  968:		
        -:  969:    case great_hall:
    #####:  970:      callGreatHall(currentPlayer, state, handPos);
        -:  971:		
        -:  972:    case minion:
        -:  973:      //+1 action
    #####:  974:      state->numActions++;
        -:  975:			
        -:  976:      //discard card from hand
    #####:  977:      discardCard(handPos, currentPlayer, state, 0);
        -:  978:			
    #####:  979:      if (choice1)		//+2 coins
        -:  980:	{
    #####:  981:	  state->coins = state->coins + 2;
        -:  982:	}
        -:  983:			
    #####:  984:      else if (choice2)		//discard hand, redraw 4, other players with 5+ cards discard hand and draw 4
        -:  985:	{
        -:  986:	  //discard hand
    #####:  987:	  while(numHandCards(state) > 0)
        -:  988:	    {
    #####:  989:	      discardCard(handPos, currentPlayer, state, 0);
        -:  990:	    }
        -:  991:				
        -:  992:	  //draw 4
    #####:  993:	  for (i = 0; i < 4; i++)
        -:  994:	    {
    #####:  995:	      drawCard(currentPlayer, state);
        -:  996:	    }
        -:  997:				
        -:  998:	  //other players discard hand and redraw if hand size > 4
    #####:  999:	  for (i = 0; i < state->numPlayers; i++)
        -: 1000:	    {
    #####: 1001:	      if (i != currentPlayer)
        -: 1002:		{
    #####: 1003:		  if ( state->handCount[i] > 4 )
        -: 1004:		    {
        -: 1005:		      //discard hand
    #####: 1006:		      while( state->handCount[i] > 0 )
        -: 1007:			{
    #####: 1008:			  discardCard(handPos, i, state, 0);
        -: 1009:			}
        -: 1010:							
        -: 1011:		      //draw 4
    #####: 1012:		      for (j = 0; j < 4; j++)
        -: 1013:			{
    #####: 1014:			  drawCard(i, state);
        -: 1015:			}
        -: 1016:		    }
        -: 1017:		}
        -: 1018:	    }
        -: 1019:				
        -: 1020:	}
    #####: 1021:      return 0;
        -: 1022:		
        -: 1023:    case steward:
    #####: 1024:      callSteward(choice1, choice2, choice3, currentPlayer, state, handPos);
        -: 1025:		
        -: 1026:    case tribute:
    #####: 1027:      if ((state->discardCount[nextPlayer] + state->deckCount[nextPlayer]) <= 1){
    #####: 1028:	if (state->deckCount[nextPlayer] > 0){
    #####: 1029:	  tributeRevealedCards[0] = state->deck[nextPlayer][state->deckCount[nextPlayer]-1];
    #####: 1030:	  state->deckCount[nextPlayer]--;
        -: 1031:	}
    #####: 1032:	else if (state->discardCount[nextPlayer] > 0){
    #####: 1033:	  tributeRevealedCards[0] = state->discard[nextPlayer][state->discardCount[nextPlayer]-1];
    #####: 1034:	  state->discardCount[nextPlayer]--;
        -: 1035:	}
        -: 1036:	else{
        -: 1037:	  //No Card to Reveal
        -: 1038:	  if (DEBUG){
        -: 1039:	    printf("No cards to reveal\n");
        -: 1040:	  }
        -: 1041:	}
        -: 1042:      }
        -: 1043:	    
        -: 1044:      else{
    #####: 1045:	if (state->deckCount[nextPlayer] == 0){
    #####: 1046:	  for (i = 0; i < state->discardCount[nextPlayer]; i++){
    #####: 1047:	    state->deck[nextPlayer][i] = state->discard[nextPlayer][i];//Move to deck
    #####: 1048:	    state->deckCount[nextPlayer]++;
    #####: 1049:	    state->discard[nextPlayer][i] = -1;
    #####: 1050:	    state->discardCount[nextPlayer]--;
        -: 1051:	  }
        -: 1052:			    
    #####: 1053:	  shuffle(nextPlayer,state);//Shuffle the deck
        -: 1054:	} 
    #####: 1055:	tributeRevealedCards[0] = state->deck[nextPlayer][state->deckCount[nextPlayer]-1];
    #####: 1056:	state->deck[nextPlayer][state->deckCount[nextPlayer]--] = -1;
    #####: 1057:	state->deckCount[nextPlayer]--;
    #####: 1058:	tributeRevealedCards[1] = state->deck[nextPlayer][state->deckCount[nextPlayer]-1];
    #####: 1059:	state->deck[nextPlayer][state->deckCount[nextPlayer]--] = -1;
    #####: 1060:	state->deckCount[nextPlayer]--;
        -: 1061:      }    
        -: 1062:		       
    #####: 1063:      if (tributeRevealedCards[0] == tributeRevealedCards[1]){//If we have a duplicate card, just drop one 
    #####: 1064:	state->playedCards[state->playedCardCount] = tributeRevealedCards[1];
    #####: 1065:	state->playedCardCount++;
    #####: 1066:	tributeRevealedCards[1] = -1;
        -: 1067:      }
        -: 1068:
    #####: 1069:      for (i = 0; i <= 2; i ++){
    #####: 1070:	if (tributeRevealedCards[i] == copper || tributeRevealedCards[i] == silver || tributeRevealedCards[i] == gold){//Treasure cards
    #####: 1071:	  state->coins += 2;
        -: 1072:	}
        -: 1073:		    
    #####: 1074:	else if (tributeRevealedCards[i] == estate || tributeRevealedCards[i] == duchy || tributeRevealedCards[i] == province || tributeRevealedCards[i] == gardens || tributeRevealedCards[i] == great_hall){//Victory Card Found
    #####: 1075:	  drawCard(currentPlayer, state);
    #####: 1076:	  drawCard(currentPlayer, state);
        -: 1077:	}
        -: 1078:	else{//Action Card
    #####: 1079:	  state->numActions = state->numActions + 2;
        -: 1080:	}
        -: 1081:      }
        -: 1082:	    
    #####: 1083:      return 0;
        -: 1084:		
        -: 1085:    case ambassador:
    #####: 1086:      j = 0;		//used to check if player has enough cards to discard
        -: 1087:
    #####: 1088:      if (choice2 > 2 || choice2 < 0)
        -: 1089:	{
    #####: 1090:	  return -1;				
        -: 1091:	}
        -: 1092:
    #####: 1093:      if (choice1 == handPos)
        -: 1094:	{
    #####: 1095:	  return -1;
        -: 1096:	}
        -: 1097:
    #####: 1098:      for (i = 0; i < state->handCount[currentPlayer]; i++)
        -: 1099:	{
    #####: 1100:	  if (i != handPos && i == state->hand[currentPlayer][choice1] && i != choice1)
        -: 1101:	    {
    #####: 1102:	      j++;
        -: 1103:	    }
        -: 1104:	}
    #####: 1105:      if (j < choice2)
        -: 1106:	{
    #####: 1107:	  return -1;				
        -: 1108:	}
        -: 1109:
        -: 1110:      if (DEBUG) 
        -: 1111:	printf("Player %d reveals card number: %d\n", currentPlayer, state->hand[currentPlayer][choice1]);
        -: 1112:
        -: 1113:      //increase supply count for choosen card by amount being discarded
    #####: 1114:      state->supplyCount[state->hand[currentPlayer][choice1]] += choice2;
        -: 1115:			
        -: 1116:      //each other player gains a copy of revealed card
    #####: 1117:      for (i = 0; i < state->numPlayers; i++)
        -: 1118:	{
    #####: 1119:	  if (i != currentPlayer)
        -: 1120:	    {
    #####: 1121:	      gainCard(state->hand[currentPlayer][choice1], state, 0, i);
        -: 1122:	    }
        -: 1123:	}
        -: 1124:
        -: 1125:      //discard played card from hand
    #####: 1126:      discardCard(handPos, currentPlayer, state, 0);			
        -: 1127:
        -: 1128:      //trash copies of cards returned to supply
    #####: 1129:      for (j = 0; j < choice2; j++)
        -: 1130:	{
    #####: 1131:	  for (i = 0; i < state->handCount[currentPlayer]; i++)
        -: 1132:	    {
    #####: 1133:	      if (state->hand[currentPlayer][i] == state->hand[currentPlayer][choice1])
        -: 1134:		{
    #####: 1135:		  discardCard(i, currentPlayer, state, 1);
    #####: 1136:		  break;
        -: 1137:		}
        -: 1138:	    }
        -: 1139:	}			
        -: 1140:
    #####: 1141:      return 0;
        -: 1142:		
        -: 1143:    case cutpurse:
        -: 1144:
    #####: 1145:      updateCoins(currentPlayer, state, 2);
    #####: 1146:      for (i = 0; i < state->numPlayers; i++)
        -: 1147:	{
    #####: 1148:	  if (i != currentPlayer)
        -: 1149:	    {
    #####: 1150:	      for (j = 0; j < state->handCount[i]; j++)
        -: 1151:		{
    #####: 1152:		  if (state->hand[i][j] == copper)
        -: 1153:		    {
    #####: 1154:		      discardCard(j, i, state, 0);
    #####: 1155:		      break;
        -: 1156:		    }
    #####: 1157:		  if (j == state->handCount[i])
        -: 1158:		    {
    #####: 1159:		      for (k = 0; k < state->handCount[i]; k++)
        -: 1160:			{
        -: 1161:			  if (DEBUG)
        -: 1162:			    printf("Player %d reveals card number %d\n", i, state->hand[i][k]);
        -: 1163:			}	
    #####: 1164:		      break;
        -: 1165:		    }		
        -: 1166:		}
        -: 1167:					
        -: 1168:	    }
        -: 1169:				
        -: 1170:	}				
        -: 1171:
        -: 1172:      //discard played card from hand
    #####: 1173:      discardCard(handPos, currentPlayer, state, 0);			
        -: 1174:
    #####: 1175:      return 0;
        -: 1176:
        -: 1177:		
        -: 1178:    case embargo: 
        -: 1179:      //+2 Coins
    #####: 1180:      state->coins = state->coins + 2;
        -: 1181:			
        -: 1182:      //see if selected pile is in play
    #####: 1183:      if ( state->supplyCount[choice1] == -1 )
        -: 1184:	{
    #####: 1185:	  return -1;
        -: 1186:	}
        -: 1187:			
        -: 1188:      //add embargo token to selected supply pile
    #####: 1189:      state->embargoTokens[choice1]++;
        -: 1190:			
        -: 1191:      //trash card
    #####: 1192:      discardCard(handPos, currentPlayer, state, 1);		
    #####: 1193:      return 0;
        -: 1194:		
        -: 1195:    case outpost:
        -: 1196:      //set outpost flag
    #####: 1197:      state->outpostPlayed++;
        -: 1198:			
        -: 1199:      //discard card
    #####: 1200:      discardCard(handPos, currentPlayer, state, 0);
    #####: 1201:      return 0;
        -: 1202:		
        -: 1203:    case salvager:
        -: 1204:      //+1 buy
    #####: 1205:      state->numBuys++;
        -: 1206:			
    #####: 1207:      if (choice1)
        -: 1208:	{
        -: 1209:	  //gain coins equal to trashed card
    #####: 1210:	  state->coins = state->coins + getCost( handCard(choice1, state) );
        -: 1211:	  //trash card
    #####: 1212:	  discardCard(choice1, currentPlayer, state, 1);	
        -: 1213:	}
        -: 1214:			
        -: 1215:      //discard card
    #####: 1216:      discardCard(handPos, currentPlayer, state, 0);
    #####: 1217:      return 0;
        -: 1218:		
        -: 1219:    case sea_hag:
    #####: 1220:      for (i = 0; i < state->numPlayers; i++){
    #####: 1221:	if (i != currentPlayer){
    #####: 1222:	  state->discard[i][state->discardCount[i]] = state->deck[i][state->deckCount[i]--];			    state->deckCount[i]--;
    #####: 1223:	  state->discardCount[i]++;
    #####: 1224:	  state->deck[i][state->deckCount[i]--] = curse;//Top card now a curse
        -: 1225:	}
        -: 1226:      }
    #####: 1227:      return 0;
        -: 1228:		
        -: 1229:    case treasure_map:
        -: 1230:      //search hand for another treasure_map
    #####: 1231:      index = -1;
    #####: 1232:      for (i = 0; i < state->handCount[currentPlayer]; i++)
        -: 1233:	{
    #####: 1234:	  if (state->hand[currentPlayer][i] == treasure_map && i != handPos)
        -: 1235:	    {
    #####: 1236:	      index = i;
    #####: 1237:	      break;
        -: 1238:	    }
        -: 1239:	}
    #####: 1240:      if (index > -1)
        -: 1241:	{
        -: 1242:	  //trash both treasure cards
    #####: 1243:	  discardCard(handPos, currentPlayer, state, 1);
    #####: 1244:	  discardCard(index, currentPlayer, state, 1);
        -: 1245:
        -: 1246:	  //gain 4 Gold cards
    #####: 1247:	  for (i = 0; i < 4; i++)
        -: 1248:	    {
    #####: 1249:	      gainCard(gold, state, 1, currentPlayer);
        -: 1250:	    }
        -: 1251:				
        -: 1252:	  //return success
    #####: 1253:	  return 1;
        -: 1254:	}
        -: 1255:			
        -: 1256:      //no second treasure_map found in hand
    #####: 1257:      return -1;
        -: 1258:    }
        -: 1259:	
    #####: 1260:  return -1;
        -: 1261:}
        -: 1262:
        2: 1263:int discardCard(int handPos, int currentPlayer, struct gameState *state, int trashFlag)
        -: 1264:{
        -: 1265:	
        -: 1266:  //if card is not trashed, added to Played pile 
        2: 1267:  if (trashFlag < 1)
        -: 1268:    {
        -: 1269:      //add card to played pile
        2: 1270:      state->playedCards[state->playedCardCount] = state->hand[currentPlayer][handPos]; 
        2: 1271:      state->playedCardCount++;
        -: 1272:    }
        -: 1273:	
        -: 1274:  //set played card to -1
        2: 1275:  state->hand[currentPlayer][handPos] = -1;
        -: 1276:	
        -: 1277:  //remove card from player's hand
        2: 1278:  if ( handPos == (state->handCount[currentPlayer] - 1) ) 	//last card in hand array is played
        -: 1279:    {
        -: 1280:      //reduce number of cards in hand
    #####: 1281:      state->handCount[currentPlayer]--;
        -: 1282:    }
        2: 1283:  else if ( state->handCount[currentPlayer] == 1 ) //only one card in hand
        -: 1284:    {
        -: 1285:      //reduce number of cards in hand
    #####: 1286:      state->handCount[currentPlayer]--;
        -: 1287:    }
        -: 1288:  else 	
        -: 1289:    {
        -: 1290:      //replace discarded card with last card in hand
        2: 1291:      state->hand[currentPlayer][handPos] = state->hand[currentPlayer][ (state->handCount[currentPlayer] - 1)];
        -: 1292:      //set last card to -1
        2: 1293:      state->hand[currentPlayer][state->handCount[currentPlayer] - 1] = -1;
        -: 1294:      //reduce number of cards in hand
        2: 1295:      state->handCount[currentPlayer]--;
        -: 1296:    }
        -: 1297:	
        2: 1298:  return 0;
        -: 1299:}
        -: 1300:
    #####: 1301:int gainCard(int supplyPos, struct gameState *state, int toFlag, int player)
        -: 1302:{
        -: 1303:  //Note: supplyPos is enum of choosen card
        -: 1304:	
        -: 1305:  //check if supply pile is empty (0) or card is not used in game (-1)
    #####: 1306:  if ( supplyCount(supplyPos, state) < 1 )
        -: 1307:    {
    #####: 1308:      return -1;
        -: 1309:    }
        -: 1310:	
        -: 1311:  //added card for [whoseTurn] current player:
        -: 1312:  // toFlag = 0 : add to discard
        -: 1313:  // toFlag = 1 : add to deck
        -: 1314:  // toFlag = 2 : add to hand
        -: 1315:
    #####: 1316:  if (toFlag == 1)
        -: 1317:    {
    #####: 1318:      state->deck[ player ][ state->deckCount[player] ] = supplyPos;
    #####: 1319:      state->deckCount[player]++;
        -: 1320:    }
    #####: 1321:  else if (toFlag == 2)
        -: 1322:    {
    #####: 1323:      state->hand[ player ][ state->handCount[player] ] = supplyPos;
    #####: 1324:      state->handCount[player]++;
        -: 1325:    }
        -: 1326:  else
        -: 1327:    {
    #####: 1328:      state->discard[player][ state->discardCount[player] ] = supplyPos;
    #####: 1329:      state->discardCount[player]++;
        -: 1330:    }
        -: 1331:	
        -: 1332:  //decrease number in supply pile
    #####: 1333:  state->supplyCount[supplyPos]--;
        -: 1334:	 
    #####: 1335:  return 0;
        -: 1336:}
        -: 1337:
        8: 1338:int updateCoins(int player, struct gameState *state, int bonus)
        -: 1339:{
        -: 1340:  int i;
        -: 1341:	
        -: 1342:  //reset coin count
        8: 1343:  state->coins = 0;
        -: 1344:
        -: 1345:  //add coins for each Treasure card in player's hand
       48: 1346:  for (i = 0; i < state->handCount[player]; i++)
        -: 1347:    {
       40: 1348:      if (state->hand[player][i] == copper)
        -: 1349:	{
       32: 1350:	  state->coins += 1;
        -: 1351:	}
        8: 1352:      else if (state->hand[player][i] == silver)
        -: 1353:	{
    #####: 1354:	  state->coins += 2;
        -: 1355:	}
        8: 1356:      else if (state->hand[player][i] == gold)
        -: 1357:	{
    #####: 1358:	  state->coins += 3;
        -: 1359:	}	
        -: 1360:    }	
        -: 1361:
        -: 1362:  //add bonus
        8: 1363:  state->coins += bonus;
        -: 1364:
        8: 1365:  return 0;
        -: 1366:}
        -: 1367:
        -: 1368:
        -: 1369://end of dominion.c
        -: 1370:
