        -:    0:Source:dominion.c
        -:    0:Graph:dominion.gcno
        -:    0:Data:dominion.gcda
        -:    0:Runs:1
        -:    0:Programs:1
        -:    1:#include "dominion.h"
        -:    2:#include "dominion_helpers.h"
        -:    3:#include "rngs.h"
        -:    4:#include <stdio.h>
        -:    5:#include <math.h>
        -:    6:#include <stdlib.h>
        -:    7:
    90840:    8:int compare(const void* a, const void* b) {
    90840:    9:  if (*(int*)a > *(int*)b)
    #####:   10:    return 1;
    90840:   11:  if (*(int*)a < *(int*)b)
    24224:   12:    return -1;
    66616:   13:  return 0;
        -:   14:}
        -:   15:
        1:   16:struct gameState* newGame() {
        1:   17:  struct gameState* g = malloc(sizeof(struct gameState));
        1:   18:  return g;
        -:   19:}
        -:   20:
        3:   21:int* kingdomCards(int k1, int k2, int k3, int k4, int k5, int k6, int k7,
        -:   22:		  int k8, int k9, int k10) {
        3:   23:  int* k = malloc(10 * sizeof(int));
        3:   24:  k[0] = k1;
        3:   25:  k[1] = k2;
        3:   26:  k[2] = k3;
        3:   27:  k[3] = k4;
        3:   28:  k[4] = k5;
        3:   29:  k[5] = k6;
        3:   30:  k[6] = k7;
        3:   31:  k[7] = k8;
        3:   32:  k[8] = k9;
        3:   33:  k[9] = k10;
        3:   34:  return k;
        -:   35:}
        -:   36:
     2000:   37:int initializeGame(int numPlayers, int kingdomCards[10], int randomSeed,
        -:   38:		   struct gameState *state) {
        -:   39:
        -:   40:  int i;
        -:   41:  int j;
        -:   42:  int it;			
        -:   43:  //set up random number generator
     2000:   44:  SelectStream(1);
     2000:   45:  PutSeed((long)randomSeed);
        -:   46:  
        -:   47:  //check number of players
     2000:   48:  if (numPlayers > MAX_PLAYERS || numPlayers < 2)
        -:   49:    {
    #####:   50:      return -1;
        -:   51:    }
        -:   52:
        -:   53:  //set number of players
     2000:   54:  state->numPlayers = numPlayers;
        -:   55:
        -:   56:  //check selected kingdom cards are different
    22000:   57:  for (i = 0; i < 10; i++)
        -:   58:    {
   220000:   59:      for (j = 0; j < 10; j++)
        -:   60:        {
   200000:   61:	  if (j != i && kingdomCards[j] == kingdomCards[i])
        -:   62:	    {
    #####:   63:	      return -1;
        -:   64:	    }
        -:   65:        }
        -:   66:    }
        -:   67:
        -:   68:
        -:   69:  //initialize supply
        -:   70:  ///////////////////////////////
        -:   71:
        -:   72:  //set number of Curse cards
     2000:   73:  if (numPlayers == 2)
        -:   74:    {
      642:   75:      state->supplyCount[curse] = 10;
        -:   76:    }
     1358:   77:  else if (numPlayers == 3)
        -:   78:    {
      660:   79:      state->supplyCount[curse] = 20;
        -:   80:    }
        -:   81:  else
        -:   82:    {
      698:   83:      state->supplyCount[curse] = 30;
        -:   84:    }
        -:   85:
        -:   86:  //set number of Victory cards
     2000:   87:  if (numPlayers == 2)
        -:   88:    {
      642:   89:      state->supplyCount[estate] = 8;
      642:   90:      state->supplyCount[duchy] = 8;
      642:   91:      state->supplyCount[province] = 8;
        -:   92:    }
        -:   93:  else
        -:   94:    {
     1358:   95:      state->supplyCount[estate] = 12;
     1358:   96:      state->supplyCount[duchy] = 12;
     1358:   97:      state->supplyCount[province] = 12;
        -:   98:    }
        -:   99:
        -:  100:  //set number of Treasure cards
     2000:  101:  state->supplyCount[copper] = 60 - (7 * numPlayers);
     2000:  102:  state->supplyCount[silver] = 40;
     2000:  103:  state->supplyCount[gold] = 30;
        -:  104:
        -:  105:  //set number of Kingdom cards
    42000:  106:  for (i = adventurer; i <= treasure_map; i++)       	//loop all cards
        -:  107:    {
   330000:  108:      for (j = 0; j < 10; j++)           		//loop chosen cards
        -:  109:	{
   310000:  110:	  if (kingdomCards[j] == i)
        -:  111:	    {
        -:  112:	      //check if card is a 'Victory' Kingdom card
    20000:  113:	      if (kingdomCards[j] == great_hall || kingdomCards[j] == gardens)
        -:  114:		{
     6652:  115:		  if (numPlayers == 2){ 
     1064:  116:		    state->supplyCount[i] = 8; 
        -:  117:		  }
     2262:  118:		  else{ state->supplyCount[i] = 12; }
        -:  119:		}
        -:  120:	      else
        -:  121:		{
    16674:  122:		  state->supplyCount[i] = 10;
        -:  123:		}
    20000:  124:	      break;
        -:  125:	    }
        -:  126:	  else    //card is not in the set choosen for the game
        -:  127:	    {
   290000:  128:	      state->supplyCount[i] = -1;
        -:  129:	    }
        -:  130:	}
        -:  131:
        -:  132:    }
        -:  133:
        -:  134:  ////////////////////////
        -:  135:  //supply intilization complete
        -:  136:
        -:  137:  //set player decks
     8056:  138:  for (i = 0; i < numPlayers; i++)
        -:  139:    {
     6056:  140:      state->deckCount[i] = 0;
    24224:  141:      for (j = 0; j < 3; j++)
        -:  142:	{
    18168:  143:	  state->deck[i][j] = estate;
    18168:  144:	  state->deckCount[i]++;
        -:  145:	}
    48448:  146:      for (j = 3; j < 10; j++)
        -:  147:	{
    42392:  148:	  state->deck[i][j] = copper;
    42392:  149:	  state->deckCount[i]++;		
        -:  150:	}
        -:  151:    }
        -:  152:
        -:  153:  //shuffle player decks
     8056:  154:  for (i = 0; i < numPlayers; i++)
        -:  155:    {
     6056:  156:      if ( shuffle(i, state) < 0 )
        -:  157:	{
    #####:  158:	  return -1;
        -:  159:	}
        -:  160:    }
        -:  161:
        -:  162:  //draw player hands
     8056:  163:  for (i = 0; i < numPlayers; i++)
        -:  164:    {  
        -:  165:      //initialize hand size to zero
     6056:  166:      state->handCount[i] = 0;
     6056:  167:      state->discardCount[i] = 0;
        -:  168:      //draw 5 cards
        -:  169:      // for (j = 0; j < 5; j++)
        -:  170:      //	{
        -:  171:      //	  drawCard(i, state);
        -:  172:      //	}
        -:  173:    }
        -:  174:  
        -:  175:  //set embargo tokens to 0 for all supply piles
    56000:  176:  for (i = 0; i <= treasure_map; i++)
        -:  177:    {
    54000:  178:      state->embargoTokens[i] = 0;
        -:  179:    }
        -:  180:
        -:  181:  //initialize first player's turn
     2000:  182:  state->outpostPlayed = 0;
     2000:  183:  state->phase = 0;
     2000:  184:  state->numActions = 1;
     2000:  185:  state->numBuys = 1;
     2000:  186:  state->playedCardCount = 0;
     2000:  187:  state->whoseTurn = 0;
     2000:  188:  state->handCount[state->whoseTurn] = 0;
        -:  189:  //int it; move to top
        -:  190:
        -:  191:  //Moved draw cards to here, only drawing at the start of a turn
    12000:  192:  for (it = 0; it < 5; it++){
    10000:  193:    drawCard(state->whoseTurn, state);
        -:  194:  }
        -:  195:
     2000:  196:  updateCoins(state->whoseTurn, state, 0);
        -:  197:
     2000:  198:  return 0;
        -:  199:}
        -:  200:
     6056:  201:int shuffle(int player, struct gameState *state) {
        -:  202: 
        -:  203:
        -:  204:  int newDeck[MAX_DECK];
     6056:  205:  int newDeckPos = 0;
        -:  206:  int card;
        -:  207:  int i;
        -:  208:
     6056:  209:  if (state->deckCount[player] < 1)
    #####:  210:    return -1;
     6056:  211:  qsort ((void*)(state->deck[player]), state->deckCount[player], sizeof(int), compare); 
        -:  212:  /* SORT CARDS IN DECK TO ENSURE DETERMINISM! */
        -:  213:
    72672:  214:  while (state->deckCount[player] > 0) {
    60560:  215:    card = floor(Random() * state->deckCount[player]);
    60560:  216:    newDeck[newDeckPos] = state->deck[player][card];
    60560:  217:    newDeckPos++;
   196833:  218:    for (i = card; i < state->deckCount[player]-1; i++) {
   136273:  219:      state->deck[player][i] = state->deck[player][i+1];
        -:  220:    }
    60560:  221:    state->deckCount[player]--;
        -:  222:  }
    66616:  223:  for (i = 0; i < newDeckPos; i++) {
    60560:  224:    state->deck[player][i] = newDeck[i];
    60560:  225:    state->deckCount[player]++;
        -:  226:  }
        -:  227:
     6056:  228:  return 0;
        -:  229:}
        -:  230:
    #####:  231:int playCard(int handPos, int choice1, int choice2, int choice3, struct gameState *state) 
        -:  232:{	
        -:  233:  int card;
    #####:  234:  int coin_bonus = 0; 		//tracks coins gain from actions
        -:  235:
        -:  236:  //check if it is the right phase
    #####:  237:  if (state->phase != 0)
        -:  238:    {
    #####:  239:      return -1;
        -:  240:    }
        -:  241:	
        -:  242:  //check if player has enough actions
    #####:  243:  if ( state->numActions < 1 )
        -:  244:    {
    #####:  245:      return -1;
        -:  246:    }
        -:  247:	
        -:  248:  //get card played
    #####:  249:  card = handCard(handPos, state);
        -:  250:	
        -:  251:  //check if selected card is an action
    #####:  252:  if ( card < adventurer || card > treasure_map )
        -:  253:    {
    #####:  254:      return -1;
        -:  255:    }
        -:  256:	
        -:  257:  //play card
    #####:  258:  if ( cardEffect(card, choice1, choice2, choice3, state, handPos, &coin_bonus) < 0 )
        -:  259:    {
    #####:  260:      return -1;
        -:  261:    }
        -:  262:	
        -:  263:  //reduce number of actions
    #####:  264:  state->numActions--;
        -:  265:
        -:  266:  //update coins (Treasure cards may be added with card draws)
    #####:  267:  updateCoins(state->whoseTurn, state, coin_bonus);
        -:  268:	
    #####:  269:  return 0;
        -:  270:}
        -:  271:
    #####:  272:int buyCard(int supplyPos, struct gameState *state) {
        -:  273:  int who;
        -:  274:  if (DEBUG){
        -:  275:    printf("Entering buyCard...\n");
        -:  276:  }
        -:  277:
        -:  278:  // I don't know what to do about the phase thing.
        -:  279:
    #####:  280:  who = state->whoseTurn;
        -:  281:
    #####:  282:  if (state->numBuys < 1){
        -:  283:    if (DEBUG)
        -:  284:      printf("You do not have any buys left\n");
    #####:  285:    return -1;
    #####:  286:  } else if (supplyCount(supplyPos, state) <1){
        -:  287:    if (DEBUG)
        -:  288:      printf("There are not any of that type of card left\n");
    #####:  289:    return -1;
    #####:  290:  } else if (state->coins < getCost(supplyPos)){
        -:  291:    if (DEBUG) 
        -:  292:      printf("You do not have enough money to buy that. You have %d coins.\n", state->coins);
    #####:  293:    return -1;
        -:  294:  } else {
    #####:  295:    state->phase=1;
        -:  296:    //state->supplyCount[supplyPos]--;
    #####:  297:    gainCard(supplyPos, state, 0, who); //card goes in discard, this might be wrong.. (2 means goes into hand, 0 goes into discard)
        -:  298:  
    #####:  299:    state->coins = (state->coins) - (getCost(supplyPos));
    #####:  300:    state->numBuys--;
        -:  301:    if (DEBUG)
        -:  302:      printf("You bought card number %d for %d coins. You now have %d buys and %d coins.\n", supplyPos, getCost(supplyPos), state->numBuys, state->coins);
        -:  303:  }
        -:  304:
        -:  305:  //state->discard[who][state->discardCount[who]] = supplyPos;
        -:  306:  //state->discardCount[who]++;
        -:  307:    
    #####:  308:  return 0;
        -:  309:}
        -:  310:
    #####:  311:int numHandCards(struct gameState *state) {
    #####:  312:  return state->handCount[ whoseTurn(state) ];
        -:  313:}
        -:  314:
    #####:  315:int handCard(int handPos, struct gameState *state) {
    #####:  316:  int currentPlayer = whoseTurn(state);
    #####:  317:  return state->hand[currentPlayer][handPos];
        -:  318:}
        -:  319:
    #####:  320:int supplyCount(int card, struct gameState *state) {
    #####:  321:  return state->supplyCount[card];
        -:  322:}
        -:  323:
    #####:  324:int fullDeckCount(int player, int card, struct gameState *state) {
        -:  325:  int i;
    #####:  326:  int count = 0;
        -:  327:
    #####:  328:  for (i = 0; i < state->deckCount[player]; i++)
        -:  329:    {
    #####:  330:      if (state->deck[player][i] == card) count++;
        -:  331:    }
        -:  332:
    #####:  333:  for (i = 0; i < state->handCount[player]; i++)
        -:  334:    {
    #####:  335:      if (state->hand[player][i] == card) count++;
        -:  336:    }
        -:  337:
    #####:  338:  for (i = 0; i < state->discardCount[player]; i++)
        -:  339:    {
    #####:  340:      if (state->discard[player][i] == card) count++;
        -:  341:    }
        -:  342:
    #####:  343:  return count;
        -:  344:}
        -:  345:
    #####:  346:int whoseTurn(struct gameState *state) {
    #####:  347:  return state->whoseTurn;
        -:  348:}
        -:  349:
    #####:  350:int endTurn(struct gameState *state) {
        -:  351:  int k;
        -:  352:  int i;
    #####:  353:  int currentPlayer = whoseTurn(state);
        -:  354:  
        -:  355:  //Discard hand
    #####:  356:  for (i = 0; i < state->handCount[currentPlayer]; i++){
    #####:  357:    state->discard[currentPlayer][state->discardCount[currentPlayer]++] = state->hand[currentPlayer][i];//Discard
    #####:  358:    state->hand[currentPlayer][i] = -1;//Set card to -1
        -:  359:  }
    #####:  360:  state->handCount[currentPlayer] = 0;//Reset hand count
        -:  361:    
        -:  362:  //Code for determining the player
    #####:  363:  if (currentPlayer < (state->numPlayers - 1)){ 
    #####:  364:    state->whoseTurn = currentPlayer + 1;//Still safe to increment
        -:  365:  }
        -:  366:  else{
    #####:  367:    state->whoseTurn = 0;//Max player has been reached, loop back around to player 1
        -:  368:  }
        -:  369:
    #####:  370:  state->outpostPlayed = 0;
    #####:  371:  state->phase = 0;
    #####:  372:  state->numActions = 1;
    #####:  373:  state->coins = 0;
    #####:  374:  state->numBuys = 1;
    #####:  375:  state->playedCardCount = 0;
    #####:  376:  state->handCount[state->whoseTurn] = 0;
        -:  377:
        -:  378:  //int k; move to top
        -:  379:  //Next player draws hand
    #####:  380:  for (k = 0; k < 5; k++){
    #####:  381:    drawCard(state->whoseTurn, state);//Draw a card
        -:  382:  }
        -:  383:
        -:  384:  //Update money
    #####:  385:  updateCoins(state->whoseTurn, state , 0);
        -:  386:
    #####:  387:  return 0;
        -:  388:}
        -:  389:
    #####:  390:int isGameOver(struct gameState *state) {
        -:  391:  int i;
        -:  392:  int j;
        -:  393:	
        -:  394:  //if stack of Province cards is empty, the game ends
    #####:  395:  if (state->supplyCount[province] == 0)
        -:  396:    {
    #####:  397:      return 1;
        -:  398:    }
        -:  399:
        -:  400:  //if three supply pile are at 0, the game ends
    #####:  401:  j = 0;
    #####:  402:  for (i = 0; i < 25; i++)
        -:  403:    {
    #####:  404:      if (state->supplyCount[i] == 0)
        -:  405:	{
    #####:  406:	  j++;
        -:  407:	}
        -:  408:    }
    #####:  409:  if ( j >= 3)
        -:  410:    {
    #####:  411:      return 1;
        -:  412:    }
        -:  413:
    #####:  414:  return 0;
        -:  415:}
        -:  416:
    #####:  417:int scoreFor (int player, struct gameState *state) {
        -:  418:
        -:  419:  int i;
    #####:  420:  int score = 0;
        -:  421:  //score from hand
    #####:  422:  for (i = 0; i < state->handCount[player]; i++)
        -:  423:    {
    #####:  424:      if (state->hand[player][i] == curse) { score = score - 1; };
    #####:  425:      if (state->hand[player][i] == estate) { score = score + 1; };
    #####:  426:      if (state->hand[player][i] == duchy) { score = score + 3; };
    #####:  427:      if (state->hand[player][i] == province) { score = score + 6; };
    #####:  428:      if (state->hand[player][i] == great_hall) { score = score + 1; };
    #####:  429:      if (state->hand[player][i] == gardens) { score = score + ( fullDeckCount(player, 0, state) / 10 ); };
        -:  430:    }
        -:  431:
        -:  432:  //score from discard
    #####:  433:  for (i = 0; i < state->discardCount[player]; i++)
        -:  434:    {
    #####:  435:      if (state->discard[player][i] == curse) { score = score - 1; };
    #####:  436:      if (state->discard[player][i] == estate) { score = score + 1; };
    #####:  437:      if (state->discard[player][i] == duchy) { score = score + 3; };
    #####:  438:      if (state->discard[player][i] == province) { score = score + 6; };
    #####:  439:      if (state->discard[player][i] == great_hall) { score = score + 1; };
    #####:  440:      if (state->discard[player][i] == gardens) { score = score + ( fullDeckCount(player, 0, state) / 10 ); };
        -:  441:    }
        -:  442:
        -:  443:  //score from deck
    #####:  444:  for (i = 0; i < state->discardCount[player]; i++)
        -:  445:    {
    #####:  446:      if (state->deck[player][i] == curse) { score = score - 1; };
    #####:  447:      if (state->deck[player][i] == estate) { score = score + 1; };
    #####:  448:      if (state->deck[player][i] == duchy) { score = score + 3; };
    #####:  449:      if (state->deck[player][i] == province) { score = score + 6; };
    #####:  450:      if (state->deck[player][i] == great_hall) { score = score + 1; };
    #####:  451:      if (state->deck[player][i] == gardens) { score = score + ( fullDeckCount(player, 0, state) / 10 ); };
        -:  452:    }
        -:  453:
    #####:  454:  return score;
        -:  455:}
        -:  456:
    #####:  457:int getWinners(int players[MAX_PLAYERS], struct gameState *state) {
        -:  458:  int i;	
        -:  459:  int j;
        -:  460:  int highScore;
        -:  461:  int currentPlayer;
        -:  462:
        -:  463:  //get score for each player
    #####:  464:  for (i = 0; i < MAX_PLAYERS; i++)
        -:  465:    {
        -:  466:      //set unused player scores to -9999
    #####:  467:      if (i >= state->numPlayers)
        -:  468:	{
    #####:  469:	  players[i] = -9999;
        -:  470:	}
        -:  471:      else
        -:  472:	{
    #####:  473:	  players[i] = scoreFor (i, state);
        -:  474:	}
        -:  475:    }
        -:  476:
        -:  477:  //find highest score
    #####:  478:  j = 0;
    #####:  479:  for (i = 0; i < MAX_PLAYERS; i++)
        -:  480:    {
    #####:  481:      if (players[i] > players[j])
        -:  482:	{
    #####:  483:	  j = i;
        -:  484:	}
        -:  485:    }
    #####:  486:  highScore = players[j];
        -:  487:
        -:  488:  //add 1 to players who had less turns
    #####:  489:  currentPlayer = whoseTurn(state);
    #####:  490:  for (i = 0; i < MAX_PLAYERS; i++)
        -:  491:    {
    #####:  492:      if ( players[i] == highScore && i > currentPlayer )
        -:  493:	{
    #####:  494:	  players[i]++;
        -:  495:	}
        -:  496:    }
        -:  497:
        -:  498:  //find new highest score
    #####:  499:  j = 0;
    #####:  500:  for (i = 0; i < MAX_PLAYERS; i++)
        -:  501:    {
    #####:  502:      if ( players[i] > players[j] )
        -:  503:	{
    #####:  504:	  j = i;
        -:  505:	}
        -:  506:    }
    #####:  507:  highScore = players[j];
        -:  508:
        -:  509:  //set winners in array to 1 and rest to 0
    #####:  510:  for (i = 0; i < MAX_PLAYERS; i++)
        -:  511:    {
    #####:  512:      if ( players[i] == highScore )
        -:  513:	{
    #####:  514:	  players[i] = 1;
        -:  515:	}
        -:  516:      else
        -:  517:	{
    #####:  518:	  players[i] = 0;
        -:  519:	}
        -:  520:    }
        -:  521:
    #####:  522:  return 0;
        -:  523:}
        -:  524:
    18000:  525:int drawCard(int player, struct gameState *state)
        -:  526:{	int count;
        -:  527:  int deckCounter;
    18000:  528:  if (state->deckCount[player] <= 0){//Deck is empty
        -:  529:    
        -:  530:    //Step 1 Shuffle the discard pile back into a deck
        -:  531:    int i;
        -:  532:    //Move discard to deck
    #####:  533:    for (i = 0; i < state->discardCount[player];i++){
    #####:  534:      state->deck[player][i] = state->discard[player][i];
    #####:  535:      state->discard[player][i] = -1;
        -:  536:    }
        -:  537:
    #####:  538:    state->deckCount[player] = state->discardCount[player];
    #####:  539:    state->discardCount[player] = 0;//Reset discard
        -:  540:
        -:  541:    //Shufffle the deck
    #####:  542:    shuffle(player, state);//Shuffle the deck up and make it so that we can draw
        -:  543:   
        -:  544:    if (DEBUG){//Debug statements
        -:  545:      printf("Deck count now: %d\n", state->deckCount[player]);
        -:  546:    }
        -:  547:    
    #####:  548:    state->discardCount[player] = 0;
        -:  549:
        -:  550:    //Step 2 Draw Card
    #####:  551:    count = state->handCount[player];//Get current player's hand count
        -:  552:    
        -:  553:    if (DEBUG){//Debug statements
        -:  554:      printf("Current hand count: %d\n", count);
        -:  555:    }
        -:  556:    
    #####:  557:    deckCounter = state->deckCount[player];//Create a holder for the deck count
        -:  558:
    #####:  559:    if (deckCounter == 0)
    #####:  560:      return -1;
        -:  561:
    #####:  562:    state->hand[player][count] = state->deck[player][deckCounter - 1];//Add card to hand
    #####:  563:    state->deckCount[player]--;
    #####:  564:    state->handCount[player]++;//Increment hand count
        -:  565:  }
        -:  566:
        -:  567:  else{
    18000:  568:    int count = state->handCount[player];//Get current hand count for player
        -:  569:    int deckCounter;
        -:  570:    if (DEBUG){//Debug statements
        -:  571:      printf("Current hand count: %d\n", count);
        -:  572:    }
        -:  573:
    18000:  574:    deckCounter = state->deckCount[player];//Create holder for the deck count
    18000:  575:    state->hand[player][count] = state->deck[player][deckCounter - 1];//Add card to the hand
    18000:  576:    state->deckCount[player]--;
    18000:  577:    state->handCount[player]++;//Increment hand count
        -:  578:  }
        -:  579:
    18000:  580:  return 0;
        -:  581:}
        -:  582:
    #####:  583:int getCost(int cardNumber)
        -:  584:{
    #####:  585:  switch( cardNumber ) 
        -:  586:    {
        -:  587:    case curse:
    #####:  588:      return 0;
        -:  589:    case estate:
    #####:  590:      return 2;
        -:  591:    case duchy:
    #####:  592:      return 5;
        -:  593:    case province:
    #####:  594:      return 8;
        -:  595:    case copper:
    #####:  596:      return 0;
        -:  597:    case silver:
    #####:  598:      return 3;
        -:  599:    case gold:
    #####:  600:      return 6;
        -:  601:    case adventurer:
    #####:  602:      return 6;
        -:  603:    case council_room:
    #####:  604:      return 5;
        -:  605:    case feast:
    #####:  606:      return 4;
        -:  607:    case gardens:
    #####:  608:      return 4;
        -:  609:    case mine:
    #####:  610:      return 5;
        -:  611:    case remodel:
    #####:  612:      return 4;
        -:  613:    case smithy:
    #####:  614:      return 4;
        -:  615:    case village:
    #####:  616:      return 3;
        -:  617:    case baron:
    #####:  618:      return 4;
        -:  619:    case great_hall:
    #####:  620:      return 3;
        -:  621:    case minion:
    #####:  622:      return 5;
        -:  623:    case steward:
    #####:  624:      return 3;
        -:  625:    case tribute:
    #####:  626:      return 5;
        -:  627:    case ambassador:
    #####:  628:      return 3;
        -:  629:    case cutpurse:
    #####:  630:      return 4;
        -:  631:    case embargo: 
    #####:  632:      return 2;
        -:  633:    case outpost:
    #####:  634:      return 5;
        -:  635:    case salvager:
    #####:  636:      return 4;
        -:  637:    case sea_hag:
    #####:  638:      return 4;
        -:  639:    case treasure_map:
    #####:  640:      return 4;
        -:  641:    }
        -:  642:	
    #####:  643:  return -1;
        -:  644:}
        -:  645:
     2000:  646:int callSmithy(int handPos, int currentPlayer, struct gameState *state) {
        -:  647://+3 Cards
        -:  648:int i;
    10000:  649:      for (i = 0; i <= 3; i++)
        -:  650:	{
     8000:  651:	  drawCard(currentPlayer, state);
        -:  652:	}
        -:  653:			
        -:  654:      //discard card from hand
     2000:  655:      discardCard(handPos, currentPlayer, state, 0);
     2000:  656:      return 0;
        -:  657:
        -:  658:}
        -:  659:
    #####:  660:int callAdventurer(int drawntreasure, int currentPlayer, struct gameState *state, int * temphand, int z){
        -:  661:    int cardDrawn; 
    #####:  662:     while(drawntreasure<2){
    #####:  663:	if (state->deckCount[currentPlayer] <1){//if the deck is empty we need to shuffle discard and add to deck
    #####:  664:	  shuffle(currentPlayer, state);
        -:  665:	}
    #####:  666:	drawCard(currentPlayer, state);
    #####:  667:	cardDrawn = state->hand[currentPlayer][state->handCount[currentPlayer]-1];//top card of hand is most recently drawn card.
        -:  668:	if (cardDrawn == copper || silver || gold)
    #####:  669:	  drawntreasure++;
        -:  670:	else{
        -:  671:	  temphand[z]=cardDrawn;
        -:  672:	  state->handCount[currentPlayer]--; //this should just remove the top card (the most recently drawn one).
        -:  673:	  z++;
        -:  674:	}
        -:  675:      }
    #####:  676:      while(z-1>=0){
    #####:  677:	state->discard[currentPlayer][state->discardCount[currentPlayer]++]=temphand[z-1]; // discard all cards in play that have been drawn
    #####:  678:	z=z-1;
        -:  679:      }
    #####:  680:      return 0;
        -:  681:
        -:  682:}
        -:  683:
    #####:  684:int callVillage(int currentPlayer, struct gameState *state, int handPos) {
        -:  685://+1 Card
    #####:  686:int i = 0;
    #####:  687:     while(i < 1){ 
    #####:  688:     	drawCard(currentPlayer, state);
        -:  689:	}
        -:  690:			
        -:  691:      //+2 Actions
    #####:  692:      state->numActions = state->numActions + 2;
        -:  693:			
        -:  694:      //discard played card from hand
    #####:  695:      discardCard(handPos, currentPlayer, state, 0);
    #####:  696:      return 0;
        -:  697:	
        -:  698:}
        -:  699:
    #####:  700:int callGreatHall(int currentPlayer, struct gameState *state, int handPos) {
    #####:  701:drawCard(currentPlayer, state);
        -:  702:			
        -:  703:      //+1 Actions
    #####:  704:      state->numActions++;
        -:  705:			
        -:  706:      //discard card from hand
    #####:  707:      discardCard(handPos, currentPlayer, state, 0);
    #####:  708:      return 0;
        -:  709:	
        -:  710:}
        -:  711:
    #####:  712:int callSteward(int choice1, int choice2, int choice3, int currentPlayer, struct gameState *state, int handPos) {
    #####:  713:	if (choice1 == 1)
        -:  714:	{
        -:  715:	  //+2 cards
    #####:  716:	  drawCard(currentPlayer, state);
    #####:  717:	  drawCard(currentPlayer, state);
        -:  718:	}
    #####:  719:      else if (choice1 != 1)
        -:  720:	{
        -:  721:	  //+2 coins
    #####:  722:	  state->coins = state->coins + 2;
        -:  723:	}
        -:  724:      else
        -:  725:	{
        -:  726:	  //trash 2 cards in hand
    #####:  727:	  discardCard(choice2, currentPlayer, state, 1);
    #####:  728:	  discardCard(choice3, currentPlayer, state, 1);
        -:  729:	}
        -:  730:			
        -:  731:      //discard card from hand
    #####:  732:      discardCard(handPos, currentPlayer, state, 0);
    #####:  733:      return 0;
        -:  734:	
        -:  735:}
        -:  736:
    #####:  737:int cardEffect(int card, int choice1, int choice2, int choice3, struct gameState *state, int handPos, int *bonus)
        -:  738:{
        -:  739:  int i;
        -:  740:  int j;
        -:  741:  int k;
        -:  742:  int x;
        -:  743:  int index;
    #####:  744:  int currentPlayer = whoseTurn(state);
    #####:  745:  int nextPlayer = currentPlayer + 1;
        -:  746:  int cardDrawn;
    #####:  747:  int tributeRevealedCards[2] = {-1, -1};
        -:  748:  int temphand[MAX_HAND];// moved above the if statement
    #####:  749:  int drawntreasure=0;
        -:  750:  //int cardDrawn;
    #####:  751:  int z = 0;// this is the counter for the temp hand
    #####:  752:  if (nextPlayer > (state->numPlayers - 1)){
    #####:  753:    nextPlayer = 0;
        -:  754:  }
        -:  755:  
        -:  756:	
        -:  757:  //uses switch to select card and perform actions
    #####:  758:  switch( card ) 
        -:  759:    {
        -:  760:    case adventurer:
        -:  761:      //callAdventurer(drawntreasure, currentPlayer, state, temphand, z);
        -:  762:      
        -:  763:			
    #####:  764:  	while(drawntreasure<2){
    #####:  765:	 if (state->deckCount[currentPlayer] <1){//if the deck is empty we need to shuffle discard and add to deck
    #####:  766:	  shuffle(currentPlayer, state);
        -:  767:	}
    #####:  768:	drawCard(currentPlayer, state);
    #####:  769:	cardDrawn = state->hand[currentPlayer][state->handCount[currentPlayer]-1];//top card of hand is most recently drawn card.
    #####:  770:	if (cardDrawn == copper || cardDrawn == silver || cardDrawn == gold)
    #####:  771:	  drawntreasure++;
        -:  772:	else{
    #####:  773:	  temphand[z]=cardDrawn;
    #####:  774:	  state->handCount[currentPlayer]--; //this should just remove the top card (the most recently drawn one).
    #####:  775:	  z++;
        -:  776:	}
        -:  777:      }
    #####:  778:      while(z-1>=0){
    #####:  779:	state->discard[currentPlayer][state->discardCount[currentPlayer]++]=temphand[z-1]; // discard all cards in play that have been drawn
    #####:  780:	z=z-1;
        -:  781:      }
    #####:  782:      return 0;
        -:  783:     case council_room:
        -:  784:      //+4 Cards
    #####:  785:      for (i = 0; i < 4; i++)
        -:  786:	{
    #####:  787:	  drawCard(currentPlayer, state);
        -:  788:	}
        -:  789:			
        -:  790:      //+1 Buy
    #####:  791:      state->numBuys++;
        -:  792:			
        -:  793:      //Each other player draws a card
    #####:  794:      for (i = 0; i < state->numPlayers; i++)
        -:  795:	{
    #####:  796:	  if ( i != currentPlayer )
        -:  797:	    {
    #####:  798:	      drawCard(i, state);
        -:  799:	    }
        -:  800:	}
        -:  801:			
        -:  802:      //put played card in played card pile
    #####:  803:      discardCard(handPos, currentPlayer, state, 0);
        -:  804:			
    #####:  805:      return 0;
        -:  806:			
        -:  807:    case feast:
        -:  808:      //gain card with cost up to 5
        -:  809:      //Backup hand
    #####:  810:      for (i = 0; i <= state->handCount[currentPlayer]; i++){
    #####:  811:	temphand[i] = state->hand[currentPlayer][i];//Backup card
    #####:  812:	state->hand[currentPlayer][i] = -1;//Set to nothing
        -:  813:      }
        -:  814:      //Backup hand
        -:  815:
        -:  816:      //Update Coins for Buy
    #####:  817:      updateCoins(currentPlayer, state, 5);
    #####:  818:      x = 1;//Condition to loop on
    #####:  819:      while( x == 1) {//Buy one card
    #####:  820:	if (supplyCount(choice1, state) <= 0){
        -:  821:	  if (DEBUG)
        -:  822:	    printf("None of that card left, sorry!\n");
        -:  823:
        -:  824:	  if (DEBUG){
        -:  825:	    printf("Cards Left: %d\n", supplyCount(choice1, state));
        -:  826:	  }
        -:  827:	}
    #####:  828:	else if (state->coins < getCost(choice1)){
    #####:  829:	  printf("That card is too expensive!\n");
        -:  830:
        -:  831:	  if (DEBUG){
        -:  832:	    printf("Coins: %d < %d\n", state->coins, getCost(choice1));
        -:  833:	  }
        -:  834:	}
        -:  835:	else{
        -:  836:
        -:  837:	  if (DEBUG){
        -:  838:	    printf("Deck Count: %d\n", state->handCount[currentPlayer] + state->deckCount[currentPlayer] + state->discardCount[currentPlayer]);
        -:  839:	  }
        -:  840:
    #####:  841:	  gainCard(choice1, state, 0, currentPlayer);//Gain the card
    #####:  842:	  x = 0;//No more buying cards
        -:  843:
        -:  844:	  if (DEBUG){
        -:  845:	    printf("Deck Count: %d\n", state->handCount[currentPlayer] + state->deckCount[currentPlayer] + state->discardCount[currentPlayer]);
        -:  846:	  }
        -:  847:
        -:  848:	}
        -:  849:      }     
        -:  850:
        -:  851:      //Reset Hand
    #####:  852:      for (i = 0; i <= state->handCount[currentPlayer]; i++){
    #####:  853:	state->hand[currentPlayer][i] = temphand[i];
    #####:  854:	temphand[i] = -1;
        -:  855:      }
        -:  856:      //Reset Hand
        -:  857:      			
    #####:  858:      return 0;
        -:  859:			
        -:  860:    case gardens:
    #####:  861:      return -1;
        -:  862:			
        -:  863:    case mine:
    #####:  864:      j = state->hand[currentPlayer][choice1];  //store card we will trash
        -:  865:
    #####:  866:      if (state->hand[currentPlayer][choice1] < copper || state->hand[currentPlayer][choice1] > gold)
        -:  867:	{
    #####:  868:	  return -1;
        -:  869:	}
        -:  870:		
    #####:  871:      if (choice2 > treasure_map || choice2 < curse)
        -:  872:	{
    #####:  873:	  return -1;
        -:  874:	}
        -:  875:
    #####:  876:      if ( (getCost(state->hand[currentPlayer][choice1]) + 3) > getCost(choice2) )
        -:  877:	{
    #####:  878:	  return -1;
        -:  879:	}
        -:  880:
    #####:  881:      gainCard(choice2, state, 2, currentPlayer);
        -:  882:
        -:  883:      //discard card from hand
    #####:  884:      discardCard(handPos, currentPlayer, state, 0);
        -:  885:
        -:  886:      //discard trashed card
    #####:  887:      for (i = 0; i < state->handCount[currentPlayer]; i++)
        -:  888:	{
    #####:  889:	  if (state->hand[currentPlayer][i] == j)
        -:  890:	    {
    #####:  891:	      discardCard(i, currentPlayer, state, 0);			
    #####:  892:	      break;
        -:  893:	    }
        -:  894:	}
        -:  895:			
    #####:  896:      return 0;
        -:  897:			
        -:  898:    case remodel:
    #####:  899:      j = state->hand[currentPlayer][choice1];  //store card we will trash
        -:  900:
    #####:  901:      if ( (getCost(state->hand[currentPlayer][choice1]) + 2) > getCost(choice2) )
        -:  902:	{
    #####:  903:	  return -1;
        -:  904:	}
        -:  905:
    #####:  906:      gainCard(choice2, state, 0, currentPlayer);
        -:  907:
        -:  908:      //discard card from hand
    #####:  909:      discardCard(handPos, currentPlayer, state, 0);
        -:  910:
        -:  911:      //discard trashed card
    #####:  912:      for (i = 0; i < state->handCount[currentPlayer]; i++)
        -:  913:	{
    #####:  914:	  if (state->hand[currentPlayer][i] == j)
        -:  915:	    {
    #####:  916:	      discardCard(i, currentPlayer, state, 0);			
    #####:  917:	      break;
        -:  918:	    }
        -:  919:	}
        -:  920:
        -:  921:
    #####:  922:      return 0;
        -:  923:		
        -:  924:    case smithy:
        -:  925:      //callSmithy(handPos, currentPlayer, state);
    #####:  926:        for (i = 0; i < 3; i++)
        -:  927:	{
    #####:  928:	  drawCard(currentPlayer, state);
        -:  929:	}
        -:  930:			
        -:  931:      //discard card from hand
    #####:  932:        discardCard(handPos, currentPlayer, state, 0);
    #####:  933:        return 0;
        -:  934:		
        -:  935:    case village:
    #####:  936:     callVillage(currentPlayer, state, handPos);
        -:  937:		
        -:  938:    case baron:
    #####:  939:      state->numBuys++;//Increase buys by 1!
    #####:  940:      if (choice1 > 0){//Boolean true or going to discard an estate
    #####:  941:	int p = 0;//Iterator for hand!
    #####:  942:	int card_not_discarded = 1;//Flag for discard set!
    #####:  943:	while(card_not_discarded){
    #####:  944:	  if (state->hand[currentPlayer][p] == estate){//Found an estate card!
    #####:  945:	    state->coins += 4;//Add 4 coins to the amount of coins
    #####:  946:	    state->discard[currentPlayer][state->discardCount[currentPlayer]] = state->hand[currentPlayer][p];
    #####:  947:	    state->discardCount[currentPlayer]++;
    #####:  948:	    for (;p < state->handCount[currentPlayer]; p++){
    #####:  949:	      state->hand[currentPlayer][p] = state->hand[currentPlayer][p+1];
        -:  950:	    }
    #####:  951:	    state->hand[currentPlayer][state->handCount[currentPlayer]] = -1;
    #####:  952:	    state->handCount[currentPlayer]--;
    #####:  953:	    card_not_discarded = 0;//Exit the loop
        -:  954:	  }
    #####:  955:	  else if (p > state->handCount[currentPlayer]){
        -:  956:	    if(DEBUG) {
        -:  957:	      printf("No estate cards in your hand, invalid choice\n");
        -:  958:	      printf("Must gain an estate if there are any\n");
        -:  959:	    }
    #####:  960:	    if (supplyCount(estate, state) > 0){
    #####:  961:	      gainCard(estate, state, 0, currentPlayer);
    #####:  962:	      state->supplyCount[estate]--;//Decrement estates
    #####:  963:	      if (supplyCount(estate, state) == 0){
    #####:  964:		isGameOver(state);
        -:  965:	      }
        -:  966:	    }
    #####:  967:	    card_not_discarded = 0;//Exit the loop
        -:  968:	  }
        -:  969:			    
        -:  970:	  else{
    #####:  971:	    p++;//Next card
        -:  972:	  }
        -:  973:	}
        -:  974:      }
        -:  975:			    
        -:  976:      else{
    #####:  977:	if (supplyCount(estate, state) > 0){
    #####:  978:	  gainCard(estate, state, 0, currentPlayer);//Gain an estate
    #####:  979:	  state->supplyCount[estate]--;//Decrement Estates
    #####:  980:	  if (supplyCount(estate, state) == 0){
    #####:  981:	    isGameOver(state);
        -:  982:	  }
        -:  983:	}
        -:  984:      }
        -:  985:	    
        -:  986:      
    #####:  987:      return 0;
        -:  988:		
        -:  989:    case great_hall:
    #####:  990:     drawCard(currentPlayer, state);
    #####:  991:     state->numActions++;
    #####:  992:     discardCard(handPos, currentPlayer, state, 0);
    #####:  993:     return 0;
        -:  994:		
        -:  995:    case minion:
        -:  996:      //+1 action
    #####:  997:      state->numActions++;
        -:  998:			
        -:  999:      //discard card from hand
    #####: 1000:      discardCard(handPos, currentPlayer, state, 0);
        -: 1001:			
    #####: 1002:      if (choice1)		//+2 coins
        -: 1003:	{
    #####: 1004:	  state->coins = state->coins + 2;
        -: 1005:	}
        -: 1006:			
    #####: 1007:      else if (choice2)		//discard hand, redraw 4, other players with 5+ cards discard hand and draw 4
        -: 1008:	{
        -: 1009:	  //discard hand
    #####: 1010:	  while(numHandCards(state) > 0)
        -: 1011:	    {
    #####: 1012:	      discardCard(handPos, currentPlayer, state, 0);
        -: 1013:	    }
        -: 1014:				
        -: 1015:	  //draw 4
    #####: 1016:	  for (i = 0; i < 4; i++)
        -: 1017:	    {
    #####: 1018:	      drawCard(currentPlayer, state);
        -: 1019:	    }
        -: 1020:				
        -: 1021:	  //other players discard hand and redraw if hand size > 4
    #####: 1022:	  for (i = 0; i < state->numPlayers; i++)
        -: 1023:	    {
    #####: 1024:	      if (i != currentPlayer)
        -: 1025:		{
    #####: 1026:		  if ( state->handCount[i] > 4 )
        -: 1027:		    {
        -: 1028:		      //discard hand
    #####: 1029:		      while( state->handCount[i] > 0 )
        -: 1030:			{
    #####: 1031:			  discardCard(handPos, i, state, 0);
        -: 1032:			}
        -: 1033:							
        -: 1034:		      //draw 4
    #####: 1035:		      for (j = 0; j < 4; j++)
        -: 1036:			{
    #####: 1037:			  drawCard(i, state);
        -: 1038:			}
        -: 1039:		    }
        -: 1040:		}
        -: 1041:	    }
        -: 1042:				
        -: 1043:	}
    #####: 1044:      return 0;
        -: 1045:		
        -: 1046:    case steward:
        -: 1047:    		
    #####: 1048:     if (choice1 == 1)
        -: 1049:	{
        -: 1050:	  
    #####: 1051:	  drawCard(currentPlayer, state);
    #####: 1052:	  drawCard(currentPlayer, state);
        -: 1053:	}
    #####: 1054:      else if (choice1 == 2)
        -: 1055:	{
        -: 1056:	  
    #####: 1057:	  state->coins = state->coins + 2;
        -: 1058:	}
        -: 1059:      else
        -: 1060:	{
        -: 1061:	  
    #####: 1062:	  discardCard(choice2, currentPlayer, state, 1);
    #####: 1063:	  discardCard(choice3, currentPlayer, state, 1);
        -: 1064:	}
        -: 1065:			
        -: 1066:      
    #####: 1067:      discardCard(handPos, currentPlayer, state, 0);
    #####: 1068:      return 0;    
        -: 1069:    
        -: 1070:    case tribute:
    #####: 1071:      if ((state->discardCount[nextPlayer] + state->deckCount[nextPlayer]) <= 1){
    #####: 1072:	if (state->deckCount[nextPlayer] > 0){
    #####: 1073:	  tributeRevealedCards[0] = state->deck[nextPlayer][state->deckCount[nextPlayer]-1];
    #####: 1074:	  state->deckCount[nextPlayer]--;
        -: 1075:	}
    #####: 1076:	else if (state->discardCount[nextPlayer] > 0){
    #####: 1077:	  tributeRevealedCards[0] = state->discard[nextPlayer][state->discardCount[nextPlayer]-1];
    #####: 1078:	  state->discardCount[nextPlayer]--;
        -: 1079:	}
        -: 1080:	else{
        -: 1081:	  //No Card to Reveal
        -: 1082:	  if (DEBUG){
        -: 1083:	    printf("No cards to reveal\n");
        -: 1084:	  }
        -: 1085:	}
        -: 1086:      }
        -: 1087:	    
        -: 1088:      else{
    #####: 1089:	if (state->deckCount[nextPlayer] == 0){
    #####: 1090:	  for (i = 0; i < state->discardCount[nextPlayer]; i++){
    #####: 1091:	    state->deck[nextPlayer][i] = state->discard[nextPlayer][i];//Move to deck
    #####: 1092:	    state->deckCount[nextPlayer]++;
    #####: 1093:	    state->discard[nextPlayer][i] = -1;
    #####: 1094:	    state->discardCount[nextPlayer]--;
        -: 1095:	  }
        -: 1096:			    
    #####: 1097:	  shuffle(nextPlayer,state);//Shuffle the deck
        -: 1098:	} 
    #####: 1099:	tributeRevealedCards[0] = state->deck[nextPlayer][state->deckCount[nextPlayer]-1];
    #####: 1100:	state->deck[nextPlayer][state->deckCount[nextPlayer]--] = -1;
    #####: 1101:	state->deckCount[nextPlayer]--;
    #####: 1102:	tributeRevealedCards[1] = state->deck[nextPlayer][state->deckCount[nextPlayer]-1];
    #####: 1103:	state->deck[nextPlayer][state->deckCount[nextPlayer]--] = -1;
    #####: 1104:	state->deckCount[nextPlayer]--;
        -: 1105:      }    
        -: 1106:		       
    #####: 1107:      if (tributeRevealedCards[0] == tributeRevealedCards[1]){//If we have a duplicate card, just drop one 
    #####: 1108:	state->playedCards[state->playedCardCount] = tributeRevealedCards[1];
    #####: 1109:	state->playedCardCount++;
    #####: 1110:	tributeRevealedCards[1] = -1;
        -: 1111:      }
        -: 1112:
    #####: 1113:      for (i = 0; i <= 2; i ++){
    #####: 1114:	if (tributeRevealedCards[i] == copper || tributeRevealedCards[i] == silver || tributeRevealedCards[i] == gold){//Treasure cards
    #####: 1115:	  state->coins += 2;
        -: 1116:	}
        -: 1117:		    
    #####: 1118:	else if (tributeRevealedCards[i] == estate || tributeRevealedCards[i] == duchy || tributeRevealedCards[i] == province || tributeRevealedCards[i] == gardens || tributeRevealedCards[i] == great_hall){//Victory Card Found
    #####: 1119:	  drawCard(currentPlayer, state);
    #####: 1120:	  drawCard(currentPlayer, state);
        -: 1121:	}
        -: 1122:	else{//Action Card
    #####: 1123:	  state->numActions = state->numActions + 2;
        -: 1124:	}
        -: 1125:      }
        -: 1126:	    
    #####: 1127:      return 0;
        -: 1128:		
        -: 1129:    case ambassador:
    #####: 1130:      j = 0;		//used to check if player has enough cards to discard
        -: 1131:
    #####: 1132:      if (choice2 > 2 || choice2 < 0)
        -: 1133:	{
    #####: 1134:	  return -1;				
        -: 1135:	}
        -: 1136:
    #####: 1137:      if (choice1 == handPos)
        -: 1138:	{
    #####: 1139:	  return -1;
        -: 1140:	}
        -: 1141:
    #####: 1142:      for (i = 0; i < state->handCount[currentPlayer]; i++)
        -: 1143:	{
    #####: 1144:	  if (i != handPos && i == state->hand[currentPlayer][choice1] && i != choice1)
        -: 1145:	    {
    #####: 1146:	      j++;
        -: 1147:	    }
        -: 1148:	}
    #####: 1149:      if (j < choice2)
        -: 1150:	{
    #####: 1151:	  return -1;				
        -: 1152:	}
        -: 1153:
        -: 1154:      if (DEBUG) 
        -: 1155:	printf("Player %d reveals card number: %d\n", currentPlayer, state->hand[currentPlayer][choice1]);
        -: 1156:
        -: 1157:      //increase supply count for choosen card by amount being discarded
    #####: 1158:      state->supplyCount[state->hand[currentPlayer][choice1]] += choice2;
        -: 1159:			
        -: 1160:      //each other player gains a copy of revealed card
    #####: 1161:      for (i = 0; i < state->numPlayers; i++)
        -: 1162:	{
    #####: 1163:	  if (i != currentPlayer)
        -: 1164:	    {
    #####: 1165:	      gainCard(state->hand[currentPlayer][choice1], state, 0, i);
        -: 1166:	    }
        -: 1167:	}
        -: 1168:
        -: 1169:      //discard played card from hand
    #####: 1170:      discardCard(handPos, currentPlayer, state, 0);			
        -: 1171:
        -: 1172:      //trash copies of cards returned to supply
    #####: 1173:      for (j = 0; j < choice2; j++)
        -: 1174:	{
    #####: 1175:	  for (i = 0; i < state->handCount[currentPlayer]; i++)
        -: 1176:	    {
    #####: 1177:	      if (state->hand[currentPlayer][i] == state->hand[currentPlayer][choice1])
        -: 1178:		{
    #####: 1179:		  discardCard(i, currentPlayer, state, 1);
    #####: 1180:		  break;
        -: 1181:		}
        -: 1182:	    }
        -: 1183:	}			
        -: 1184:
    #####: 1185:      return 0;
        -: 1186:		
        -: 1187:    case cutpurse:
        -: 1188:
    #####: 1189:      updateCoins(currentPlayer, state, 2);
    #####: 1190:      for (i = 0; i < state->numPlayers; i++)
        -: 1191:	{
    #####: 1192:	  if (i != currentPlayer)
        -: 1193:	    {
    #####: 1194:	      for (j = 0; j < state->handCount[i]; j++)
        -: 1195:		{
    #####: 1196:		  if (state->hand[i][j] == copper)
        -: 1197:		    {
    #####: 1198:		      discardCard(j, i, state, 0);
    #####: 1199:		      break;
        -: 1200:		    }
    #####: 1201:		  if (j == state->handCount[i])
        -: 1202:		    {
    #####: 1203:		      for (k = 0; k < state->handCount[i]; k++)
        -: 1204:			{
        -: 1205:			  if (DEBUG)
        -: 1206:			    printf("Player %d reveals card number %d\n", i, state->hand[i][k]);
        -: 1207:			}	
    #####: 1208:		      break;
        -: 1209:		    }		
        -: 1210:		}
        -: 1211:					
        -: 1212:	    }
        -: 1213:				
        -: 1214:	}				
        -: 1215:
        -: 1216:      //discard played card from hand
    #####: 1217:      discardCard(handPos, currentPlayer, state, 0);			
        -: 1218:
    #####: 1219:      return 0;
        -: 1220:
        -: 1221:		
        -: 1222:    case embargo: 
        -: 1223:      //+2 Coins
    #####: 1224:      state->coins = state->coins + 2;
        -: 1225:			
        -: 1226:      //see if selected pile is in play
    #####: 1227:      if ( state->supplyCount[choice1] == -1 )
        -: 1228:	{
    #####: 1229:	  return -1;
        -: 1230:	}
        -: 1231:			
        -: 1232:      //add embargo token to selected supply pile
    #####: 1233:      state->embargoTokens[choice1]++;
        -: 1234:			
        -: 1235:      //trash card
    #####: 1236:      discardCard(handPos, currentPlayer, state, 1);		
    #####: 1237:      return 0;
        -: 1238:		
        -: 1239:    case outpost:
        -: 1240:      //set outpost flag
    #####: 1241:      state->outpostPlayed++;
        -: 1242:			
        -: 1243:      //discard card
    #####: 1244:      discardCard(handPos, currentPlayer, state, 0);
    #####: 1245:      return 0;
        -: 1246:		
        -: 1247:    case salvager:
        -: 1248:      //+1 buy
    #####: 1249:      state->numBuys++;
        -: 1250:			
    #####: 1251:      if (choice1)
        -: 1252:	{
        -: 1253:	  //gain coins equal to trashed card
    #####: 1254:	  state->coins = state->coins + getCost( handCard(choice1, state) );
        -: 1255:	  //trash card
    #####: 1256:	  discardCard(choice1, currentPlayer, state, 1);	
        -: 1257:	}
        -: 1258:			
        -: 1259:      //discard card
    #####: 1260:      discardCard(handPos, currentPlayer, state, 0);
    #####: 1261:      return 0;
        -: 1262:		
        -: 1263:    case sea_hag:
    #####: 1264:      for (i = 0; i < state->numPlayers; i++){
    #####: 1265:	if (i != currentPlayer){
    #####: 1266:	  state->discard[i][state->discardCount[i]] = state->deck[i][state->deckCount[i]--];			    state->deckCount[i]--;
    #####: 1267:	  state->discardCount[i]++;
    #####: 1268:	  state->deck[i][state->deckCount[i]--] = curse;//Top card now a curse
        -: 1269:	}
        -: 1270:      }
    #####: 1271:      return 0;
        -: 1272:		
        -: 1273:    case treasure_map:
        -: 1274:      //search hand for another treasure_map
    #####: 1275:      index = -1;
    #####: 1276:      for (i = 0; i < state->handCount[currentPlayer]; i++)
        -: 1277:	{
    #####: 1278:	  if (state->hand[currentPlayer][i] == treasure_map && i != handPos)
        -: 1279:	    {
    #####: 1280:	      index = i;
    #####: 1281:	      break;
        -: 1282:	    }
        -: 1283:	}
    #####: 1284:      if (index > -1)
        -: 1285:	{
        -: 1286:	  //trash both treasure cards
    #####: 1287:	  discardCard(handPos, currentPlayer, state, 1);
    #####: 1288:	  discardCard(index, currentPlayer, state, 1);
        -: 1289:
        -: 1290:	  //gain 4 Gold cards
    #####: 1291:	  for (i = 0; i < 4; i++)
        -: 1292:	    {
    #####: 1293:	      gainCard(gold, state, 1, currentPlayer);
        -: 1294:	    }
        -: 1295:				
        -: 1296:	  //return success
    #####: 1297:	  return 1;
        -: 1298:	}
        -: 1299:			
        -: 1300:      //no second treasure_map found in hand
    #####: 1301:      return -1;
        -: 1302:    }
        -: 1303:	
    #####: 1304:  return -1;
        -: 1305:}
        -: 1306:
     2000: 1307:int discardCard(int handPos, int currentPlayer, struct gameState *state, int trashFlag)
        -: 1308:{
        -: 1309:	
        -: 1310:  //if card is not trashed, added to Played pile 
     2000: 1311:  if (trashFlag < 1)
        -: 1312:    {
        -: 1313:      //add card to played pile
     2000: 1314:      state->playedCards[state->playedCardCount] = state->hand[currentPlayer][handPos]; 
     2000: 1315:      state->playedCardCount++;
        -: 1316:    }
        -: 1317:	
        -: 1318:  //set played card to -1
     2000: 1319:  state->hand[currentPlayer][handPos] = -1;
        -: 1320:	
        -: 1321:  //remove card from player's hand
     2000: 1322:  if ( handPos == (state->handCount[currentPlayer] - 1) ) 	//last card in hand array is played
        -: 1323:    {
        -: 1324:      //reduce number of cards in hand
    #####: 1325:      state->handCount[currentPlayer]--;
        -: 1326:    }
     2000: 1327:  else if ( state->handCount[currentPlayer] == 1 ) //only one card in hand
        -: 1328:    {
        -: 1329:      //reduce number of cards in hand
    #####: 1330:      state->handCount[currentPlayer]--;
        -: 1331:    }
        -: 1332:  else 	
        -: 1333:    {
        -: 1334:      //replace discarded card with last card in hand
     2000: 1335:      state->hand[currentPlayer][handPos] = state->hand[currentPlayer][ (state->handCount[currentPlayer] - 1)];
        -: 1336:      //set last card to -1
     2000: 1337:      state->hand[currentPlayer][state->handCount[currentPlayer] - 1] = -1;
        -: 1338:      //reduce number of cards in hand
     2000: 1339:      state->handCount[currentPlayer]--;
        -: 1340:    }
        -: 1341:	
     2000: 1342:  return 0;
        -: 1343:}
        -: 1344:
    #####: 1345:int gainCard(int supplyPos, struct gameState *state, int toFlag, int player)
        -: 1346:{
        -: 1347:  //Note: supplyPos is enum of choosen card
        -: 1348:	
        -: 1349:  //check if supply pile is empty (0) or card is not used in game (-1)
    #####: 1350:  if ( supplyCount(supplyPos, state) < 1 )
        -: 1351:    {
    #####: 1352:      return -1;
        -: 1353:    }
        -: 1354:	
        -: 1355:  //added card for [whoseTurn] current player:
        -: 1356:  // toFlag = 0 : add to discard
        -: 1357:  // toFlag = 1 : add to deck
        -: 1358:  // toFlag = 2 : add to hand
        -: 1359:
    #####: 1360:  if (toFlag == 1)
        -: 1361:    {
    #####: 1362:      state->deck[ player ][ state->deckCount[player] ] = supplyPos;
    #####: 1363:      state->deckCount[player]++;
        -: 1364:    }
    #####: 1365:  else if (toFlag == 2)
        -: 1366:    {
    #####: 1367:      state->hand[ player ][ state->handCount[player] ] = supplyPos;
    #####: 1368:      state->handCount[player]++;
        -: 1369:    }
        -: 1370:  else
        -: 1371:    {
    #####: 1372:      state->discard[player][ state->discardCount[player] ] = supplyPos;
    #####: 1373:      state->discardCount[player]++;
        -: 1374:    }
        -: 1375:	
        -: 1376:  //decrease number in supply pile
    #####: 1377:  state->supplyCount[supplyPos]--;
        -: 1378:	 
    #####: 1379:  return 0;
        -: 1380:}
        -: 1381:
     2000: 1382:int updateCoins(int player, struct gameState *state, int bonus)
        -: 1383:{
        -: 1384:  int i;
        -: 1385:	
        -: 1386:  //reset coin count
     2000: 1387:  state->coins = 0;
        -: 1388:
        -: 1389:  //add coins for each Treasure card in player's hand
    12000: 1390:  for (i = 0; i < state->handCount[player]; i++)
        -: 1391:    {
    10000: 1392:      if (state->hand[player][i] == copper)
        -: 1393:	{
     7001: 1394:	  state->coins += 1;
        -: 1395:	}
     2999: 1396:      else if (state->hand[player][i] == silver)
        -: 1397:	{
    #####: 1398:	  state->coins += 2;
        -: 1399:	}
     2999: 1400:      else if (state->hand[player][i] == gold)
        -: 1401:	{
    #####: 1402:	  state->coins += 3;
        -: 1403:	}	
        -: 1404:    }	
        -: 1405:
        -: 1406:  //add bonus
     2000: 1407:  state->coins += bonus;
        -: 1408:
     2000: 1409:  return 0;
        -: 1410:}
        -: 1411:
        -: 1412:
        -: 1413://end of dominion.c
        -: 1414:
